+---------------------------------------------------------------------+
|  Log file: mau.characterize.log                                     |
|  Compiler version: 9.9.0 (eb3046e)                                  |
|  Created on: Sun Jul  7 06:03:49 2024                               |
|  Run ID: d02317c81a093854                                           |
+---------------------------------------------------------------------+

Match+Action Resource Usage
-----------------------------------------------------------------------------------------------------------------------------------------------------------------------------------------------------------------------------------------------------------------------------------------------------------
|                 1                  |    2    |   3    |    4    |  5   |        6        |   7   |       8       |      9      |    10   |   11  |          12         |      13      |      14      |     15    |   16   |     17    |      18      |      19     |       20      |    21   |    22   |
|               Table                |   Dir   | Stage  |    P4   | Mem  |      Total      | Total |     Table     |    Match    |   TCAM  |  SRAM |        Match        |     Imm.     |     TCAM     |    SRAM   |   P4   |   Action  |    Ideal     |    Actual   |      TCAM     |   SRAM  |   SRAM  |
|                Name                |         |        |  Lookup | Type |      SRAMs      | TCAMs |    Entries    |     Bits    |  Over-  | Over- |       Overhead      |    Action    |     Bits     |    Bits   | Action |    Bits   |    Match     |    Match    |     Match     |  Match  |  Action |
|                                    |         |        | Type(s) |      | TOT(M/A/S/MT/I) |       |   Requested   |     Per     |   head  |  head |      Structure      |     Data     |     Per      |    Per    |  Bits  |    Per    |   Entries-   |   Entries-  |    Packing    | Packing | Packing |
|                                    |         |        |         |      |     (legend     |       |       /       |    Entry    |   Bits  |  Bits | NT/AI/AD/M/S/SL/V/I |      in      |    Entry     |   Entry   |        |   Entry   |    Number    |    Number   |      Eff.     |   Eff.  |   Eff.  |
|                                    |         |        |         |      |      below)     |       |   Allocated   |  R/A(diff)  |   Per   |  Per  |       (legend       |   Overhead   |  R/A(diff)   | R/A(diff) |        | R/A(diff) |     Per      |     Per     |     Ideal/    |  Ideal/ |  Ideal/ |
|                                    |         |        |         |      |                 |       |     (diff)    |             |  Entry  | Entry |        below)       |  R/A(diff)   |              |           |        |           |    Memory    |    Memory   |     Actual    |  Actual |  Actual |
|                                    |         |        |         |      |                 |       |               |             | ver/vld |       |                     |              |              |           |        |           |    Units     |    Units    |               |         |         |
|                                    |         |        |         |      |                 |       |               |             |         |       |                     |              |              |           |        |           |    (bits)    |    (bits)   |               |         |         |
-----------------------------------------------------------------------------------------------------------------------------------------------------------------------------------------------------------------------------------------------------------------------------------------------------------
| SwitchIngressParser.$PORT_METADATA | ingress | parser |  exact  | buf  |  0 (0/0/0/0/0)  |   0   | 288 / 288 (0) |  9 / 0 (-9) |    0    |   0   |   0/0/0/0/0/0/0/0   | 64 / 0 (-64) |  0 / 0 (0)   | 0 / 0 (0) |   64   | 0 / 0 (0) | 1 in 2 (128) | 1 in 1 (64) |     - / -     |  - / -  |  - / -  |
|                                    |         |        |         |      |                 |       |               |             |         |       |                     |              |              |           |        |           |              |             |               |         |         |
|         tbl_compute_hash1          | ingress |   0    |    -    |  -   |  0 (0/0/0/0/0)  |   0   |   0 / 0 (0)   |  0 / 0 (0)  |    0    |   0   |   0/0/0/0/0/0/0/0   |  0 / 0 (0)   |  0 / 0 (0)   | 0 / 0 (0) |   0    | 0 / 0 (0) |  0 in 0 (0)  |  0 in 0 (0) |     - / -     |  - / -  |  - / -  |
|         tbl_compute_hash2          | ingress |   0    |    -    |  -   |  0 (0/0/0/0/0)  |   0   |   0 / 0 (0)   |  0 / 0 (0)  |    0    |   0   |   0/0/0/0/0/0/0/0   |  0 / 0 (0)   |  0 / 0 (0)   | 0 / 0 (0) |   0    | 0 / 0 (0) |  0 in 0 (0)  |  0 in 0 (0) |     - / -     |  - / -  |  - / -  |
|         tbl_compute_hash3          | ingress |   0    |    -    |  -   |  0 (0/0/0/0/0)  |   0   |   0 / 0 (0)   |  0 / 0 (0)  |    0    |   0   |   0/0/0/0/0/0/0/0   |  0 / 0 (0)   |  0 / 0 (0)   | 0 / 0 (0) |   0    | 0 / 0 (0) |  0 in 0 (0)  |  0 in 0 (0) |     - / -     |  - / -  |  - / -  |
|           tbl_lemon_X284           | ingress |   0    |    -    | sram |  0 (0/0/0/0/0)  |   0   |   0 / 0 (0)   |  0 / 0 (0)  |    0    |   9   |   0/0/0/0/0/0/0/9   |  9 / 9 (0)   |  0 / 0 (0)   | 0 / 0 (0) |   0    | 0 / 0 (0) |  0 in 0 (0)  |  1 in 0 (0) |     - / -     |  - / -  |  - / -  |
|           stage 0 totals           |    -    |   -    |    -    |  -   |  0 (0/0/0/0/0)  |   0   |       -       |      -      |    -    |   -   |          -          |      -       |      -       |     -     |   -    |     -     |      -       |      -      |       -       |    -    |    -    |
|                                    |         |        |         |      |                 |       |               |             |         |       |                     |              |              |           |        |           |              |             |               |         |         |
|     SwitchIngress.lemon_match      | ingress |   1    |  range  | tcam |  1 (0/0/0/0/1)  |   1   | 8 / 512 (504) | 16 / 16 (0) |    0    |   0   |   0/0/0/0/0/0/0/0   |  0 / 0 (0)   | 20 / 44 (24) | 0 / 4 (4) |   0    | 0 / 0 (0) | 1 in 1 (44)  | 1 in 1 (44) | 36.4% / 36.4% |  - / -  |  - / -  |
|           tbl_lemon_X299           | ingress |   1    |    -    | sram |  0 (0/0/0/0/0)  |   0   |   0 / 0 (0)   |  0 / 0 (0)  |    0    |   0   |   0/0/0/0/0/0/0/0   |  0 / 0 (0)   |  0 / 0 (0)   | 0 / 0 (0) |   0    | 0 / 0 (0) |  0 in 0 (0)  |  1 in 0 (0) |     - / -     |  - / -  |  - / -  |
|           stage 1 totals           |    -    |   -    |    -    |  -   |  1 (0/0/0/0/1)  |   1   |       -       |      -      |    -    |   -   |          -          |      -       |      -       |     -     |   -    |     -     |      -       |      -      |       -       |    -    |    -    |
|                                    |         |        |         |      |                 |       |               |             |         |       |                     |              |              |           |        |           |              |             |               |         |         |
|           tbl_lemon_X288           | ingress |   2    |    -    | sram |  0 (0/0/0/0/0)  |   0   |   0 / 0 (0)   |  0 / 0 (0)  |    0    |   9   |   0/0/0/0/0/0/0/9   |  9 / 9 (0)   |  0 / 0 (0)   | 0 / 0 (0) |   0    | 0 / 0 (0) |  0 in 0 (0)  |  1 in 0 (0) |     - / -     |  - / -  |  - / -  |
|           tbl_lemon_X312           | ingress |   2    |    -    | sram |  0 (0/0/0/0/0)  |   0   |   0 / 0 (0)   |  0 / 0 (0)  |    0    |   0   |   0/0/0/0/0/0/0/0   |  0 / 0 (0)   |  0 / 0 (0)   | 0 / 0 (0) |   0    | 0 / 0 (0) |  0 in 0 (0)  |  1 in 0 (0) |     - / -     |  - / -  |  - / -  |
|           tbl_lemon_X315           | ingress |   2    |    -    |  -   | 33 (0/0/0/33/0) |   0   |   0 / 0 (0)   |  0 / 0 (0)  |    0    |   0   |   0/0/0/0/0/0/0/0   |  0 / 0 (0)   |  0 / 0 (0)   | 0 / 0 (0) |   0    | 0 / 0 (0) |  0 in 0 (0)  |  0 in 0 (0) |     - / -     |  - / -  |  - / -  |
|           tbl_lemon_X334           | ingress |   2    |    -    |  -   |  3 (0/0/0/3/0)  |   0   |   0 / 0 (0)   |  0 / 0 (0)  |    0    |   0   |   0/0/0/0/0/0/0/0   |  0 / 0 (0)   |  0 / 0 (0)   | 0 / 0 (0) |   0    | 0 / 0 (0) |  0 in 0 (0)  |  0 in 0 (0) |     - / -     |  - / -  |  - / -  |
|           stage 2 totals           |    -    |   -    |    -    |  -   | 36 (0/0/0/36/0) |   0   |       -       |      -      |    -    |   -   |          -          |      -       |      -       |     -     |   -    |     -     |      -       |      -      |       -       |    -    |    -    |
|                                    |         |        |         |      |                 |       |               |             |         |       |                     |              |              |           |        |           |              |             |               |         |         |
|           tbl_lemon_X309           | ingress |   3    |    -    | sram |  0 (0/0/0/0/0)  |   0   |   0 / 0 (0)   |  0 / 0 (0)  |    0    |   0   |   0/0/0/0/0/0/0/0   |  0 / 0 (0)   |  0 / 0 (0)   | 0 / 0 (0) |   0    | 0 / 0 (0) |  0 in 0 (0)  |  1 in 0 (0) |     - / -     |  - / -  |  - / -  |
|           tbl_lemon_X333           | ingress |   3    |    -    |  -   |  5 (0/0/0/5/0)  |   0   |   0 / 0 (0)   |  0 / 0 (0)  |    0    |   0   |   0/0/0/0/0/0/0/0   |  0 / 0 (0)   |  0 / 0 (0)   | 0 / 0 (0) |   0    | 0 / 0 (0) |  0 in 0 (0)  |  0 in 0 (0) |     - / -     |  - / -  |  - / -  |
|           stage 3 totals           |    -    |   -    |    -    |  -   |  5 (0/0/0/5/0)  |   0   |       -       |      -      |    -    |   -   |          -          |      -       |      -       |     -     |   -    |     -     |      -       |      -      |       -       |    -    |    -    |
|                                    |         |        |         |      |                 |       |               |             |         |       |                     |              |              |           |        |           |              |             |               |         |         |
|           tbl_lemon_X306           | ingress |   4    |    -    | sram |  0 (0/0/0/0/0)  |   0   |   0 / 0 (0)   |  0 / 0 (0)  |    0    |   0   |   0/0/0/0/0/0/0/0   |  0 / 0 (0)   |  0 / 0 (0)   | 0 / 0 (0) |   0    | 0 / 0 (0) |  0 in 0 (0)  |  1 in 0 (0) |     - / -     |  - / -  |  - / -  |
|           tbl_lemon_X330           | ingress |   4    |    -    |  -   |  2 (0/0/0/2/0)  |   0   |   0 / 0 (0)   |  0 / 0 (0)  |    0    |   0   |   0/0/0/0/0/0/0/0   |  0 / 0 (0)   |  0 / 0 (0)   | 0 / 0 (0) |   0    | 0 / 0 (0) |  0 in 0 (0)  |  0 in 0 (0) |     - / -     |  - / -  |  - / -  |
|           stage 4 totals           |    -    |   -    |    -    |  -   |  2 (0/0/0/2/0)  |   0   |       -       |      -      |    -    |   -   |          -          |      -       |      -       |     -     |   -    |     -     |      -       |      -      |       -       |    -    |    -    |
|                                    |         |        |         |      |                 |       |               |             |         |       |                     |              |              |           |        |           |              |             |               |         |         |
|           tbl_lemon_X303           | ingress |   5    |    -    | sram |  0 (0/0/0/0/0)  |   0   |   0 / 0 (0)   |  0 / 0 (0)  |    0    |   0   |   0/0/0/0/0/0/0/0   |  0 / 0 (0)   |  0 / 0 (0)   | 0 / 0 (0) |   0    | 0 / 0 (0) |  0 in 0 (0)  |  1 in 0 (0) |     - / -     |  - / -  |  - / -  |
|           tbl_lemon_X327           | ingress |   5    |    -    |  -   |  5 (0/0/0/5/0)  |   0   |   0 / 0 (0)   |  0 / 0 (0)  |    0    |   0   |   0/0/0/0/0/0/0/0   |  0 / 0 (0)   |  0 / 0 (0)   | 0 / 0 (0) |   0    | 0 / 0 (0) |  0 in 0 (0)  |  0 in 0 (0) |     - / -     |  - / -  |  - / -  |
|           stage 5 totals           |    -    |   -    |    -    |  -   |  5 (0/0/0/5/0)  |   0   |       -       |      -      |    -    |   -   |          -          |      -       |      -       |     -     |   -    |     -     |      -       |      -      |       -       |    -    |    -    |
|                                    |         |        |         |      |                 |       |               |             |         |       |                     |              |              |           |        |           |              |             |               |         |         |
|           tbl_lemon_X324           | ingress |   6    |    -    |  -   | 17 (0/0/0/17/0) |   0   |   0 / 0 (0)   |  0 / 0 (0)  |    0    |   0   |   0/0/0/0/0/0/0/0   |  0 / 0 (0)   |  0 / 0 (0)   | 0 / 0 (0) |   0    | 0 / 0 (0) |  0 in 0 (0)  |  0 in 0 (0) |     - / -     |  - / -  |  - / -  |
|           stage 6 totals           |    -    |   -    |    -    |  -   | 17 (0/0/0/17/0) |   0   |       -       |      -      |    -    |   -   |          -          |      -       |      -       |     -     |   -    |     -     |      -       |      -      |       -       |    -    |    -    |
|                                    |         |        |         |      |                 |       |               |             |         |       |                     |              |              |           |        |           |              |             |               |         |         |
|           tbl_lemon_X321           | ingress |   7    |    -    |  -   | 33 (0/0/0/33/0) |   0   |   0 / 0 (0)   |  0 / 0 (0)  |    0    |   0   |   0/0/0/0/0/0/0/0   |  0 / 0 (0)   |  0 / 0 (0)   | 0 / 0 (0) |   0    | 0 / 0 (0) |  0 in 0 (0)  |  0 in 0 (0) |     - / -     |  - / -  |  - / -  |
|           stage 7 totals           |    -    |   -    |    -    |  -   | 33 (0/0/0/33/0) |   0   |       -       |      -      |    -    |   -   |          -          |      -       |      -       |     -     |   -    |     -     |      -       |      -      |       -       |    -    |    -    |
|                                    |         |        |         |      |                 |       |               |             |         |       |                     |              |              |           |        |           |              |             |               |         |         |
|      overall totals (ingress)      |    -    |   -    |    -    |  -   | 99 (0/0/0/98/1) |   1   |       -       |      -      |    -    |   -   |          -          |      -       |      -       |     -     |   -    |     -     |      -       |      -      |       -       |    -    |    -    |
|                                    |         |        |         |      |                 |       |               |             |         |       |                     |              |              |           |        |           |              |             |               |         |         |
|      overall totals (egress)       |    -    |   -    |    -    |  -   |  0 (0/0/0/0/0)  |   0   |       -       |      -      |    -    |   -   |          -          |      -       |      -       |     -     |   -    |     -     |      -       |      -      |       -       |    -    |    -    |
|                                    |         |        |         |      |                 |       |               |             |         |       |                     |              |              |           |        |           |              |             |               |         |         |
|           overall totals           |    -    |   -    |    -    |  -   | 99 (0/0/0/98/1) |   1   |       -       |      -      |    -    |   -   |          -          |      -       |      -       |     -     |   -    |     -     |      -       |      -      |       -       |    -    |    -    |
-----------------------------------------------------------------------------------------------------------------------------------------------------------------------------------------------------------------------------------------------------------------------------------------------------------

Total SRAMs Legend:
TOT (M/A/S/MT/I)
TOT = Total
M = Match
A = Action
S = Statistics
MT = Meter / Stateful / Selection
I = Ternary Indirection

Match Overhead Structure Legend:
NT/AI/AD/M/S/SL/V/I
NT = Next Table Pointer
AI = Action Instruction Pointer
AD = Action Data Pointer
M = Meter/Selection/Stateful Pointer
S = Statistics Pointer
SL = Selection Length
V = Entry Version
I = Immediate Action Data





+----------------------------------------------------------------+
    OVERHEAD STRUCTURES
+----------------------------------------------------------------+

+----------------------------------------------------------------+
   SwitchIngress.lemon_match
+----------------------------------------------------------------+
Match Overhead:

  Total bits: 0
+----------------------------------------------------------------+
   SwitchIngressParser.$PORT_METADATA
+----------------------------------------------------------------+
Match Overhead:

  Total bits: 0
+----------------------------------------------------------------+
   tbl_compute_hash1
+----------------------------------------------------------------+
Match Overhead:

  Total bits: 0
+----------------------------------------------------------------+
   tbl_compute_hash2
+----------------------------------------------------------------+
Match Overhead:

  Total bits: 0
+----------------------------------------------------------------+
   tbl_compute_hash3
+----------------------------------------------------------------+
Match Overhead:

  Total bits: 0
+----------------------------------------------------------------+
   tbl_lemon_X284
+----------------------------------------------------------------+
Match Overhead:
  Field --immediate-- [8:0] (9 bits)

  Total bits: 9
+----------------------------------------------------------------+
   tbl_lemon_X288
+----------------------------------------------------------------+
Match Overhead:
  Field --immediate-- [8:0] (9 bits)

  Total bits: 9
+----------------------------------------------------------------+
   tbl_lemon_X299
+----------------------------------------------------------------+
Match Overhead:

  Total bits: 0
+----------------------------------------------------------------+
   tbl_lemon_X303
+----------------------------------------------------------------+
Match Overhead:

  Total bits: 0
+----------------------------------------------------------------+
   tbl_lemon_X306
+----------------------------------------------------------------+
Match Overhead:

  Total bits: 0
+----------------------------------------------------------------+
   tbl_lemon_X309
+----------------------------------------------------------------+
Match Overhead:

  Total bits: 0
+----------------------------------------------------------------+
   tbl_lemon_X312
+----------------------------------------------------------------+
Match Overhead:

  Total bits: 0
+----------------------------------------------------------------+
   tbl_lemon_X315
+----------------------------------------------------------------+
Match Overhead:

  Total bits: 0
+----------------------------------------------------------------+
   tbl_lemon_X321
+----------------------------------------------------------------+
Match Overhead:

  Total bits: 0
+----------------------------------------------------------------+
   tbl_lemon_X324
+----------------------------------------------------------------+
Match Overhead:

  Total bits: 0
+----------------------------------------------------------------+
   tbl_lemon_X327
+----------------------------------------------------------------+
Match Overhead:

  Total bits: 0
+----------------------------------------------------------------+
   tbl_lemon_X330
+----------------------------------------------------------------+
Match Overhead:

  Total bits: 0
+----------------------------------------------------------------+
   tbl_lemon_X333
+----------------------------------------------------------------+
Match Overhead:

  Total bits: 0
+----------------------------------------------------------------+
   tbl_lemon_X334
+----------------------------------------------------------------+
Match Overhead:

  Total bits: 0





+----------------------------------------------------------------+
    MATCH AND ACTION FORMATS
+----------------------------------------------------------------+

+----------------------------------------------------------------+
  SwitchIngress.lemon_match
+----------------------------------------------------------------+
+------------------------------------------------+
   Match format for SwitchIngress.lemon_match
+------------------------------------------------+
Stage 1:
Pack Format:
  table_word_width: 44
  memory_word_width: 44
  entries_per_table_word: 1
  number_memory_units_per_table_word: 1
  entry_list: [
    entry_number : 0
    field_list : [
       Field --version-- [1:0]           : in bits [43:42]
       Field ig_md.lemon.dhash [3:0]     : in bits [3:0]
       Field ig_md.lemon.dhash [3:0]     : in bits [7:4]
       Field ig_md.lemon.dhash [11:8]    : in bits [11:8]
       Field ig_md.lemon.dhash [11:8]    : in bits [15:12]
       Field ig_md.lemon.dhash [7:4]     : in bits [19:16]
       Field ig_md.lemon.dhash [7:4]     : in bits [23:20]
       Field ig_md.lemon.dhash [15:12]   : in bits [27:24]
       Field ig_md.lemon.dhash [15:12]   : in bits [31:28]
    ]
  ]
+----------------------------------------------------------------+
  SwitchIngressParser.$PORT_METADATA
+----------------------------------------------------------------+
+------------------------------------------------+
   Match format for SwitchIngressParser.$PORT_METADATA
+------------------------------------------------+
Stage -1:
Pack Format:
  table_word_width: 64
  memory_word_width: 64
  entries_per_table_word: 1
  number_memory_units_per_table_word: 1
  entry_list: [
    entry_number : 0
    field_list : [
       Field ig_intr_md [63:0]   : in bits [63:0]
    ]
  ]
+----------------------------------------------------------------+
  tbl_compute_hash1
+----------------------------------------------------------------+
+------------------------------------------------+
   Match format for tbl_compute_hash1
+------------------------------------------------+
Stage 0:
No match entries required.
+----------------------------------------------------------------+
  tbl_compute_hash2
+----------------------------------------------------------------+
+------------------------------------------------+
   Match format for tbl_compute_hash2
+------------------------------------------------+
Stage 0:
No match entries required.
+----------------------------------------------------------------+
  tbl_compute_hash3
+----------------------------------------------------------------+
+------------------------------------------------+
   Match format for tbl_compute_hash3
+------------------------------------------------+
Stage 0:
No match entries required.
+----------------------------------------------------------------+
  tbl_lemon_X284
+----------------------------------------------------------------+
+------------------------------------------------+
   Match format for tbl_lemon_X284
+------------------------------------------------+
Stage 0:
No match entries required.
+----------------------------------------------------------------+
  tbl_lemon_X288
+----------------------------------------------------------------+
+------------------------------------------------+
   Match format for tbl_lemon_X288
+------------------------------------------------+
Stage 2:
No match entries required.
+----------------------------------------------------------------+
  tbl_lemon_X299
+----------------------------------------------------------------+
+------------------------------------------------+
   Match format for tbl_lemon_X299
+------------------------------------------------+
Stage 1:
No match entries required.
+----------------------------------------------------------------+
  tbl_lemon_X303
+----------------------------------------------------------------+
+------------------------------------------------+
   Match format for tbl_lemon_X303
+------------------------------------------------+
Stage 5:
No match entries required.
+----------------------------------------------------------------+
  tbl_lemon_X306
+----------------------------------------------------------------+
+------------------------------------------------+
   Match format for tbl_lemon_X306
+------------------------------------------------+
Stage 4:
No match entries required.
+----------------------------------------------------------------+
  tbl_lemon_X309
+----------------------------------------------------------------+
+------------------------------------------------+
   Match format for tbl_lemon_X309
+------------------------------------------------+
Stage 3:
No match entries required.
+----------------------------------------------------------------+
  tbl_lemon_X312
+----------------------------------------------------------------+
+------------------------------------------------+
   Match format for tbl_lemon_X312
+------------------------------------------------+
Stage 2:
No match entries required.
+----------------------------------------------------------------+
  tbl_lemon_X315
+----------------------------------------------------------------+
+------------------------------------------------+
   Match format for tbl_lemon_X315
+------------------------------------------------+
Stage 2:
No match entries required.
+----------------------------------------------------------------+
  tbl_lemon_X321
+----------------------------------------------------------------+
+------------------------------------------------+
   Match format for tbl_lemon_X321
+------------------------------------------------+
Stage 7:
No match entries required.
+----------------------------------------------------------------+
  tbl_lemon_X324
+----------------------------------------------------------------+
+------------------------------------------------+
   Match format for tbl_lemon_X324
+------------------------------------------------+
Stage 6:
No match entries required.
+----------------------------------------------------------------+
  tbl_lemon_X327
+----------------------------------------------------------------+
+------------------------------------------------+
   Match format for tbl_lemon_X327
+------------------------------------------------+
Stage 5:
No match entries required.
+----------------------------------------------------------------+
  tbl_lemon_X330
+----------------------------------------------------------------+
+------------------------------------------------+
   Match format for tbl_lemon_X330
+------------------------------------------------+
Stage 4:
No match entries required.
+----------------------------------------------------------------+
  tbl_lemon_X333
+----------------------------------------------------------------+
+------------------------------------------------+
   Match format for tbl_lemon_X333
+------------------------------------------------+
Stage 3:
No match entries required.
+----------------------------------------------------------------+
  tbl_lemon_X334
+----------------------------------------------------------------+
+------------------------------------------------+
   Match format for tbl_lemon_X334
+------------------------------------------------+
Stage 2:
No match entries required.
