+---------------------------------------------------------------------+
|  Log file: pa.characterize.log                                      |
|  Compiler version: 9.9.0                                            |
|  Created on: Sun Jul  7 06:03:48 2024                               |
|  Run ID: d02317c81a093854                                           |
+---------------------------------------------------------------------+

Program: lemon_X.p4

----------------------------------------------------------------------------------------------------------------------------------------
| Container |  Gress  |                   Name                   | Class |  | P | 0 | 1 | 2 | 3 | 4 | 5 | 6 | 7 | 8 | 9 | 10 | 11 | D |
----------------------------------------------------------------------------------------------------------------------------------------
|    phv0   | ingress |                                          |       |  |   |   |   |   |   |   |   |   |   |   |   |    |    |   |
|   [31:0]  | ingress |         hdr.ipv4.dst_addr[31:0]          |  pkt  |  | W | ~ | ~ | ~ | ~ | ~ | ~ | ~ | ~ | ~ | ~ | ~  | ~  | R |
|    phv1   | ingress |                                          |       |  |   |   |   |   |   |   |   |   |   |   |   |    |    |   |
|   [31:0]  | ingress |         hdr.ipv4.src_addr[31:0]          |  pkt  |  | W | ~ | ~ | ~ | ~ | ~ | ~ | ~ | ~ | ~ | ~ | ~  | ~  | R |
|    phv2   | ingress |                                          | OL,SH |  |   |   |   |   |   |   |   |   |   |   |   |    |    |   |
|   [31:0]  | ingress |           hdr.tcp.seq_no[31:0]           |  pkt  |  | W | ~ | ~ | ~ | ~ | ~ | ~ | ~ | ~ | ~ | ~ | ~  | ~  | R |
|   [31:0]  | ingress |          hdr.udp.payload[31:0]           |  pkt  |  | W | ~ | ~ | ~ | ~ | ~ | ~ | ~ | ~ | ~ | ~ | ~  | ~  | R |
|    phv3   | ingress |                                          |   SH  |  |   |   |   |   |   |   |   |   |   |   |   |    |    |   |
|   [31:29] | ingress |        ig_md.lemon.l1_slot[18:16]        |  meta |  |   |   | W |   |   |   |   |   |   |   |   |    |    |   |
|   [28:16] | ingress |         ig_md.lemon.c_slot[12:0]         |  meta |  |   |   | W |   |   |   |   |   |   |   |   |    |    |   |
|   [15:0]  | ingress |         ig_md.lemon.shash[15:0]          |  meta |  |   | W | R | ~ | ~ | ~ | R |   |   |   |   |    |    |   |
|    phv4   | ingress |                                          |   SH  |  |   |   |   |   |   |   |   |   |   |   |   |    |    |   |
|   [29:20] | ingress |        ig_md.lemon.l4_slot[14:5]         |  meta |  |   |   |   |   | W |   |   |   |   |   |   |    |    |   |
|   [19:10] | ingress |        ig_md.lemon.l2_slot[14:5]         |  meta |  |   |   |   |   |   |   | W |   |   |   |   |    |    |   |
|    [9:0]  | ingress |       ig_md.lemon.heavy_slot[9:0]        |  meta |  |   |   | W |   |   |   |   |   |   |   |   |    |    |   |
|    phv5   | ingress |                                          |   SH  |  |   |   |   |   |   |   |   |   |   |   |   |    |    |   |
|   [29:20] | ingress |        ig_md.lemon.l5_slot[18:9]         |  meta |  |   |   |   | W |   |   |   |   |   |   |   |    |    |   |
|   [19:10] | ingress |        ig_md.lemon.l3_slot[14:5]         |  meta |  |   |   |   |   |   | W |   |   |   |   |   |    |    |   |
|    [9:0]  | ingress |        ig_md.lemon.l1_slot[12:3]         |  meta |  |   |   | W |   |   |   |   |   |   |   |   |    |    |   |
|    phv6   | ingress |                                          |   SH  |  |   |   |   |   |   |   |   |   |   |   |   |    |    |   |
|   [26:11] | ingress |        ig_md.lemon.l4_slot[31:16]        |  meta |  | W |   |   |   |   |   |   |   |   |   |   |    |    |   |
|   [10:6]  | ingress |         ig_md.lemon.l4_slot[4:0]         |  meta |  |   |   |   | W |   |   |   |   |   |   |   |    |    |   |
|    [5:3]  | ingress |         ig_md.lemon.l2_slot[2:0]         |  meta |  |   |   |   |   |   | W |   |   |   |   |   |    |    |   |
|    [2:2]  | ingress |        ig_md.lemon.l4_slot[15:15]        |  meta |  |   |   |   |   | W |   |   |   |   |   |   |    |    |   |
|    [1:1]  | ingress |        ig_md.lemon.l2_slot[15:15]        |  meta |  |   |   |   |   |   |   | W |   |   |   |   |    |    |   |
|    [0:0]  | ingress |      ig_md.lemon.heavy_slot[10:10]       |  meta |  |   |   | W |   |   |   |   |   |   |   |   |    |    |   |
|    phv7   | ingress |                                          |   SH  |  |   |   |   |   |   |   |   |   |   |   |   |    |    |   |
|   [28:10] | ingress |      ig_md.lemon.heavy_slot[31:13]       |  meta |  | W |   |   |   |   |   |   |   |   |   |   |    |    |   |
|    [9:7]  | ingress |         ig_md.lemon.l5_slot[2:0]         |  meta |  |   |   |   | W |   |   |   |   |   |   |   |    |    |   |
|    [6:2]  | ingress |        ig_md.lemon.l2_slot[20:16]        |  meta |  |   |   |   |   |   |   | W |   |   |   |   |    |    |   |
|    [1:1]  | ingress |        ig_md.lemon.l3_slot[15:15]        |  meta |  |   |   |   |   |   | W |   |   |   |   |   |    |    |   |
|    [0:0]  | ingress |        ig_md.lemon.l1_slot[13:13]        |  meta |  |   |   | W |   |   |   |   |   |   |   |   |    |    |   |
|    phv8   | ingress |                                          |   SH  |  |   |   |   |   |   |   |   |   |   |   |   |    |    |   |
|   [25:11] | ingress |        ig_md.lemon.c_slot[31:17]         |  meta |  | W |   |   |   |   |   |   |   |   |   |   |    |    |   |
|   [10:9]  | ingress |         ig_md.lemon.l5_slot[4:3]         |  meta |  |   |   |   | W |   |   |   |   |   |   |   |    |    |   |
|    [8:7]  | ingress |         ig_md.lemon.l3_slot[4:3]         |  meta |  |   |   |   |   | W |   |   |   |   |   |   |    |    |   |
|    [6:4]  | ingress |         ig_md.lemon.l1_slot[2:0]         |  meta |  |   |   |   |   |   |   | W |   |   |   |   |    |    |   |
|    [3:2]  | ingress |        ig_md.lemon.l3_slot[17:16]        |  meta |  |   |   |   |   |   | W |   |   |   |   |   |    |    |   |
|    [1:0]  | ingress |      ig_md.lemon.heavy_slot[12:11]       |  meta |  |   |   | W |   |   |   |   |   |   |   |   |    |    |   |
|    phv9   | ingress |                                          |   SH  |  |   |   |   |   |   |   |   |   |   |   |   |    |    |   |
|   [27:14] | ingress |        ig_md.lemon.l3_slot[31:18]        |  meta |  | W |   |   |   |   |   |   |   |   |   |   |    |    |   |
|   [13:10] | ingress |         ig_md.lemon.l5_slot[8:5]         |  meta |  |   |   |   | W |   |   |   |   |   |   |   |    |    |   |
|    [9:8]  | ingress |         ig_md.lemon.l2_slot[4:3]         |  meta |  |   |   |   |   |   | W |   |   |   |   |   |    |    |   |
|    [7:5]  | ingress |         ig_md.lemon.l3_slot[2:0]         |  meta |  |   |   |   |   | W |   |   |   |   |   |   |    |    |   |
|    [4:2]  | ingress |        ig_md.lemon.c_slot[15:13]         |  meta |  |   |   | W |   |   |   |   |   |   |   |   |    |    |   |
|    [1:0]  | ingress |        ig_md.lemon.l1_slot[15:14]        |  meta |  |   |   | W |   |   |   |   |   |   |   |   |    |    |   |
|   phv10   | ingress |                                          |   SH  |  |   |   |   |   |   |   |   |   |   |   |   |    |    |   |
|   [28:16] | ingress |        ig_md.lemon.l5_slot[31:19]        |  meta |  | W |   |   |   |   |   |   |   |   |   |   |    |    |   |
|   [15:0]  | ingress |         ig_md.lemon.bhash[15:0]          |  meta |  |   | W |   |   |   |   |   |   |   |   |   |    |    |   |
|   phv11   |    -    |                                          |       |  |   |   |   |   |   |   |   |   |   |   |   |    |    |   |
|   phv12   |    -    |                                          |       |  |   |   |   |   |   |   |   |   |   |   |   |    |    |   |
|   phv13   |    -    |                                          |       |  |   |   |   |   |   |   |   |   |   |   |   |    |    |   |
|   phv14   |    -    |                                          |       |  |   |   |   |   |   |   |   |   |   |   |   |    |    |   |
|   phv15   |    -    |                                          |       |  |   |   |   |   |   |   |   |   |   |   |   |    |    |   |
|   phv16   |    -    |                                          |       |  |   |   |   |   |   |   |   |   |   |   |   |    |    |   |
|   phv17   |    -    |                                          |       |  |   |   |   |   |   |   |   |   |   |   |   |    |    |   |
|   phv18   |    -    |                                          |       |  |   |   |   |   |   |   |   |   |   |   |   |    |    |   |
|   phv19   |    -    |                                          |       |  |   |   |   |   |   |   |   |   |   |   |   |    |    |   |
|   phv20   |    -    |                                          |       |  |   |   |   |   |   |   |   |   |   |   |   |    |    |   |
|   phv21   |    -    |                                          |       |  |   |   |   |   |   |   |   |   |   |   |   |    |    |   |
|   phv22   |    -    |                                          |       |  |   |   |   |   |   |   |   |   |   |   |   |    |    |   |
|   phv23   |    -    |                                          |       |  |   |   |   |   |   |   |   |   |   |   |   |    |    |   |
|   phv24   |    -    |                                          |       |  |   |   |   |   |   |   |   |   |   |   |   |    |    |   |
|   phv25   |    -    |                                          |       |  |   |   |   |   |   |   |   |   |   |   |   |    |    |   |
|   phv26   |    -    |                                          |       |  |   |   |   |   |   |   |   |   |   |   |   |    |    |   |
|   phv27   |    -    |                                          |       |  |   |   |   |   |   |   |   |   |   |   |   |    |    |   |
|   phv28   |    -    |                                          |       |  |   |   |   |   |   |   |   |   |   |   |   |    |    |   |
|   phv29   |    -    |                                          |       |  |   |   |   |   |   |   |   |   |   |   |   |    |    |   |
|   phv30   |    -    |                                          |       |  |   |   |   |   |   |   |   |   |   |   |   |    |    |   |
|   phv31   |    -    |                                          |       |  |   |   |   |   |   |   |   |   |   |   |   |    |    |   |
|   phv32   |    -    |                                          |       |  |   |   |   |   |   |   |   |   |   |   |   |    |    |   |
|   phv33   |    -    |                                          |       |  |   |   |   |   |   |   |   |   |   |   |   |    |    |   |
|   phv34   |    -    |                                          |       |  |   |   |   |   |   |   |   |   |   |   |   |    |    |   |
|   phv35   |    -    |                                          |       |  |   |   |   |   |   |   |   |   |   |   |   |    |    |   |
|   phv36   |    -    |                                          |       |  |   |   |   |   |   |   |   |   |   |   |   |    |    |   |
|   phv37   |    -    |                                          |       |  |   |   |   |   |   |   |   |   |   |   |   |    |    |   |
|   phv38   |    -    |                                          |       |  |   |   |   |   |   |   |   |   |   |   |   |    |    |   |
|   phv39   |    -    |                                          |       |  |   |   |   |   |   |   |   |   |   |   |   |    |    |   |
|   phv40   |    -    |                                          |       |  |   |   |   |   |   |   |   |   |   |   |   |    |    |   |
|   phv41   |    -    |                                          |       |  |   |   |   |   |   |   |   |   |   |   |   |    |    |   |
|   phv42   |    -    |                                          |       |  |   |   |   |   |   |   |   |   |   |   |   |    |    |   |
|   phv43   |    -    |                                          |       |  |   |   |   |   |   |   |   |   |   |   |   |    |    |   |
|   phv44   |    -    |                                          |       |  |   |   |   |   |   |   |   |   |   |   |   |    |    |   |
|   phv45   |    -    |                                          |       |  |   |   |   |   |   |   |   |   |   |   |   |    |    |   |
|   phv46   |    -    |                                          |       |  |   |   |   |   |   |   |   |   |   |   |   |    |    |   |
|   phv47   |    -    |                                          |       |  |   |   |   |   |   |   |   |   |   |   |   |    |    |   |
|   phv48   |    -    |                                          |       |  |   |   |   |   |   |   |   |   |   |   |   |    |    |   |
|   phv49   |    -    |                                          |       |  |   |   |   |   |   |   |   |   |   |   |   |    |    |   |
|   phv50   |    -    |                                          |       |  |   |   |   |   |   |   |   |   |   |   |   |    |    |   |
|   phv51   |    -    |                                          |       |  |   |   |   |   |   |   |   |   |   |   |   |    |    |   |
|   phv52   |    -    |                                          |       |  |   |   |   |   |   |   |   |   |   |   |   |    |    |   |
|   phv53   |    -    |                                          |       |  |   |   |   |   |   |   |   |   |   |   |   |    |    |   |
|   phv54   |    -    |                                          |       |  |   |   |   |   |   |   |   |   |   |   |   |    |    |   |
|   phv55   |    -    |                                          |       |  |   |   |   |   |   |   |   |   |   |   |   |    |    |   |
|   phv56   |    -    |                                          |       |  |   |   |   |   |   |   |   |   |   |   |   |    |    |   |
|   phv57   |    -    |                                          |       |  |   |   |   |   |   |   |   |   |   |   |   |    |    |   |
|   phv58   |    -    |                                          |       |  |   |   |   |   |   |   |   |   |   |   |   |    |    |   |
|   phv59   |    -    |                                          |       |  |   |   |   |   |   |   |   |   |   |   |   |    |    |   |
|   phv60   |    -    |                                          |       |  |   |   |   |   |   |   |   |   |   |   |   |    |    |   |
|   phv61   |    -    |                                          |       |  |   |   |   |   |   |   |   |   |   |   |   |    |    |   |
|   phv62   |    -    |                                          |       |  |   |   |   |   |   |   |   |   |   |   |   |    |    |   |
|   phv63   |    -    |                                          |       |  |   |   |   |   |   |   |   |   |   |   |   |    |    |   |
|           |         |                                          |       |  |   |   |   |   |   |   |   |   |   |   |   |    |    |   |
|   phv64   | ingress |                                          |   SH  |  |   |   |   |   |   |   |   |   |   |   |   |    |    |   |
|    [6:4]  | ingress |        ig_md.lemon.l2_slot[31:29]        |  meta |  | W |   |   |   |   |   |   |   |   |   |   |    |    |   |
|    [3:2]  | ingress |        ig_md.lemon.l1_slot[21:20]        |  meta |  |   |   | W |   |   |   |   |   |   |   |   |    |    |   |
|    [1:1]  | ingress |        ig_md.lemon.c_slot[16:16]         |  meta |  |   |   | W |   |   |   |   |   |   |   |   |    |    |   |
|    [0:0]  | ingress |   ig_intr_md_for_tm.bypass_egress[0:0]   | imeta |  |   | W | ~ | W | ~ | ~ | ~ | ~ | ~ | ~ | ~ | ~  | ~  | R |
|   phv65   | ingress |                                          |   SH  |  |   |   |   |   |   |   |   |   |   |   |   |    |    |   |
|    [7:7]  | ingress |        ig_md.lemon.l1_slot[19:19]        |  meta |  |   |   | W |   |   |   |   |   |   |   |   |    |    |   |
|    [6:6]  | ingress |         hdr.vlan_tag.$valid[0:0]         |  pov  |  | W | ~ | ~ | ~ | ~ | ~ | ~ | ~ | ~ | ~ | ~ | ~  | ~  | R |
|    [5:5]  | ingress |           hdr.arp.$valid[0:0]            |  pov  |  | W | ~ | ~ | ~ | ~ | ~ | ~ | ~ | ~ | ~ | ~ | ~  | ~  | R |
|    [4:4]  | ingress |           hdr.icmp.$valid[0:0]           |  pov  |  | W | ~ | ~ | ~ | ~ | ~ | ~ | ~ | ~ | ~ | ~ | ~  | ~  | R |
|    [3:3]  | ingress |           hdr.udp.$valid[0:0]            |  pov  |  | W | ~ | ~ | ~ | ~ | ~ | ~ | ~ | ~ | ~ | ~ | ~  | ~  | R |
|    [2:2]  | ingress |           hdr.tcp.$valid[0:0]            |  pov  |  | W | ~ | ~ | ~ | ~ | ~ | ~ | ~ | ~ | ~ | ~ | ~  | ~  | R |
|    [1:1]  | ingress |           hdr.ipv4.$valid[0:0]           |  pov  |  | W | ~ | ~ | ~ | ~ | ~ | ~ | ~ | ~ | ~ | ~ | ~  | ~  | R |
|    [0:0]  | ingress |         hdr.ethernet.$valid[0:0]         |  pov  |  | W | ~ | ~ | ~ | ~ | ~ | ~ | ~ | ~ | ~ | ~ | ~  | ~  | R |
|   phv66   | ingress |                                          |       |  |   |   |   |   |   |   |   |   |   |   |   |    |    |   |
|    [7:0]  | ingress |         ig_md.lemon.shash[23:16]         |  meta |  |   | W |   |   |   |   |   |   |   |   |   |    |    |   |
|   phv67   | ingress |                                          |       |  |   |   |   |   |   |   |   |   |   |   |   |    |    |   |
|    [7:0]  | ingress |         ig_md.lemon.shash[31:24]         |  meta |  |   | W |   |   |   |   |   |   |   |   |   |    |    |   |
|   phv68   | ingress |                                          |       |  |   |   |   |   |   |   |   |   |   |   |   |    |    |   |
|    [7:0]  | ingress |        ig_md.lemon.l2_slot[28:21]        |  meta |  | W |   |   |   |   |   |   |   |   |   |   |    |    |   |
|   phv69   | ingress |                                          |       |  |   |   |   |   |   |   |   |   |   |   |   |    |    |   |
|    [7:0]  | ingress |        ig_md.lemon.l1_slot[29:22]        |  meta |  | W |   |   |   |   |   |   |   |   |   |   |    |    |   |
|   phv70   | ingress |                                          |       |  |   |   |   |   |   |   |   |   |   |   |   |    |    |   |
|    [7:0]  | ingress |           ig_md.lemon.tag[7:0]           |  meta |  |   |   | W |   |   |   |   |   |   |   |   |    |    |   |
|   phv71   |    -    |                                          |       |  |   |   |   |   |   |   |   |   |   |   |   |    |    |   |
|   phv72   |    -    |                                          |       |  |   |   |   |   |   |   |   |   |   |   |   |    |    |   |
|   phv73   |    -    |                                          |       |  |   |   |   |   |   |   |   |   |   |   |   |    |    |   |
|   phv74   |    -    |                                          |       |  |   |   |   |   |   |   |   |   |   |   |   |    |    |   |
|   phv75   |    -    |                                          |       |  |   |   |   |   |   |   |   |   |   |   |   |    |    |   |
|   phv76   |    -    |                                          |       |  |   |   |   |   |   |   |   |   |   |   |   |    |    |   |
|   phv77   |    -    |                                          |       |  |   |   |   |   |   |   |   |   |   |   |   |    |    |   |
|   phv78   |    -    |                                          |       |  |   |   |   |   |   |   |   |   |   |   |   |    |    |   |
|   phv79   |    -    |                                          |       |  |   |   |   |   |   |   |   |   |   |   |   |    |    |   |
|   phv80   |    -    |                                          |       |  |   |   |   |   |   |   |   |   |   |   |   |    |    |   |
|   phv81   |    -    |                                          |       |  |   |   |   |   |   |   |   |   |   |   |   |    |    |   |
|   phv82   |    -    |                                          |       |  |   |   |   |   |   |   |   |   |   |   |   |    |    |   |
|   phv83   |    -    |                                          |       |  |   |   |   |   |   |   |   |   |   |   |   |    |    |   |
|   phv84   |    -    |                                          |       |  |   |   |   |   |   |   |   |   |   |   |   |    |    |   |
|   phv85   |    -    |                                          |       |  |   |   |   |   |   |   |   |   |   |   |   |    |    |   |
|   phv86   |    -    |                                          |       |  |   |   |   |   |   |   |   |   |   |   |   |    |    |   |
|   phv87   |    -    |                                          |       |  |   |   |   |   |   |   |   |   |   |   |   |    |    |   |
|   phv88   |    -    |                                          |       |  |   |   |   |   |   |   |   |   |   |   |   |    |    |   |
|   phv89   |    -    |                                          |       |  |   |   |   |   |   |   |   |   |   |   |   |    |    |   |
|   phv90   |    -    |                                          |       |  |   |   |   |   |   |   |   |   |   |   |   |    |    |   |
|   phv91   |    -    |                                          |       |  |   |   |   |   |   |   |   |   |   |   |   |    |    |   |
|   phv92   |    -    |                                          |       |  |   |   |   |   |   |   |   |   |   |   |   |    |    |   |
|   phv93   |    -    |                                          |       |  |   |   |   |   |   |   |   |   |   |   |   |    |    |   |
|   phv94   |    -    |                                          |       |  |   |   |   |   |   |   |   |   |   |   |   |    |    |   |
|   phv95   |    -    |                                          |       |  |   |   |   |   |   |   |   |   |   |   |   |    |    |   |
|   phv96   |    -    |                                          |       |  |   |   |   |   |   |   |   |   |   |   |   |    |    |   |
|   phv97   |    -    |                                          |       |  |   |   |   |   |   |   |   |   |   |   |   |    |    |   |
|   phv98   |    -    |                                          |       |  |   |   |   |   |   |   |   |   |   |   |   |    |    |   |
|   phv99   |    -    |                                          |       |  |   |   |   |   |   |   |   |   |   |   |   |    |    |   |
|   phv100  |    -    |                                          |       |  |   |   |   |   |   |   |   |   |   |   |   |    |    |   |
|   phv101  |    -    |                                          |       |  |   |   |   |   |   |   |   |   |   |   |   |    |    |   |
|   phv102  |    -    |                                          |       |  |   |   |   |   |   |   |   |   |   |   |   |    |    |   |
|   phv103  |    -    |                                          |       |  |   |   |   |   |   |   |   |   |   |   |   |    |    |   |
|   phv104  |    -    |                                          |       |  |   |   |   |   |   |   |   |   |   |   |   |    |    |   |
|   phv105  |    -    |                                          |       |  |   |   |   |   |   |   |   |   |   |   |   |    |    |   |
|   phv106  |    -    |                                          |       |  |   |   |   |   |   |   |   |   |   |   |   |    |    |   |
|   phv107  |    -    |                                          |       |  |   |   |   |   |   |   |   |   |   |   |   |    |    |   |
|   phv108  |    -    |                                          |       |  |   |   |   |   |   |   |   |   |   |   |   |    |    |   |
|   phv109  |    -    |                                          |       |  |   |   |   |   |   |   |   |   |   |   |   |    |    |   |
|   phv110  |    -    |                                          |       |  |   |   |   |   |   |   |   |   |   |   |   |    |    |   |
|   phv111  |    -    |                                          |       |  |   |   |   |   |   |   |   |   |   |   |   |    |    |   |
|   phv112  |    -    |                                          |       |  |   |   |   |   |   |   |   |   |   |   |   |    |    |   |
|   phv113  |    -    |                                          |       |  |   |   |   |   |   |   |   |   |   |   |   |    |    |   |
|   phv114  |    -    |                                          |       |  |   |   |   |   |   |   |   |   |   |   |   |    |    |   |
|   phv115  |    -    |                                          |       |  |   |   |   |   |   |   |   |   |   |   |   |    |    |   |
|   phv116  |    -    |                                          |       |  |   |   |   |   |   |   |   |   |   |   |   |    |    |   |
|   phv117  |    -    |                                          |       |  |   |   |   |   |   |   |   |   |   |   |   |    |    |   |
|   phv118  |    -    |                                          |       |  |   |   |   |   |   |   |   |   |   |   |   |    |    |   |
|   phv119  |    -    |                                          |       |  |   |   |   |   |   |   |   |   |   |   |   |    |    |   |
|   phv120  |    -    |                                          |       |  |   |   |   |   |   |   |   |   |   |   |   |    |    |   |
|   phv121  |    -    |                                          |       |  |   |   |   |   |   |   |   |   |   |   |   |    |    |   |
|   phv122  |    -    |                                          |       |  |   |   |   |   |   |   |   |   |   |   |   |    |    |   |
|   phv123  |    -    |                                          |       |  |   |   |   |   |   |   |   |   |   |   |   |    |    |   |
|   phv124  |    -    |                                          |       |  |   |   |   |   |   |   |   |   |   |   |   |    |    |   |
|   phv125  |    -    |                                          |       |  |   |   |   |   |   |   |   |   |   |   |   |    |    |   |
|   phv126  |    -    |                                          |       |  |   |   |   |   |   |   |   |   |   |   |   |    |    |   |
|   phv127  |    -    |                                          |       |  |   |   |   |   |   |   |   |   |   |   |   |    |    |   |
|           |         |                                          |       |  |   |   |   |   |   |   |   |   |   |   |   |    |    |   |
|   phv128  | ingress |                                          |       |  |   |   |   |   |   |   |   |   |   |   |   |    |    |   |
|    [8:0]  | ingress | ig_intr_md_for_tm.ucast_egress_port[8:0] | imeta |  |   | W | ~ | W | ~ | ~ | ~ | ~ | ~ | ~ | ~ | ~  | ~  | R |
|   phv129  | ingress |                                          | OL,SH |  |   |   |   |   |   |   |   |   |   |   |   |    |    |   |
|   [15:0]  | ingress |          hdr.tcp.checksum[15:0]          |  pkt  |  | W | ~ | ~ | ~ | ~ | ~ | ~ | ~ | ~ | ~ | ~ | ~  | ~  | R |
|   [15:0]  | ingress |          hdr.udp.checksum[15:0]          |  pkt  |  | W | ~ | ~ | ~ | ~ | ~ | ~ | ~ | ~ | ~ | ~ | ~  | ~  | R |
|   phv130  | ingress |                                          |   SH  |  |   |   |   |   |   |   |   |   |   |   |   |    |    |   |
|   [10:9]  | ingress |        ig_md.lemon.l1_slot[31:30]        |  meta |  | W |   |   |   |   |   |   |   |   |   |   |    |    |   |
|    [8:0]  | ingress |       ig_intr_md.ingress_port[8:0]       | imeta |  | W |   |   |   |   |   |   |   |   |   |   |    |    |   |
|   phv131  | ingress |                                          |       |  |   |   |   |   |   |   |   |   |   |   |   |    |    |   |
|   [15:0]  | ingress |         ig_md.lemon.dhash[15:0]          |  meta |  |   | W | R |   |   |   |   |   |   |   |   |    |    |   |
|   phv132  |    -    |                                          |       |  |   |   |   |   |   |   |   |   |   |   |   |    |    |   |
|   phv133  |    -    |                                          |       |  |   |   |   |   |   |   |   |   |   |   |   |    |    |   |
|   phv134  |    -    |                                          |       |  |   |   |   |   |   |   |   |   |   |   |   |    |    |   |
|   phv135  |    -    |                                          |       |  |   |   |   |   |   |   |   |   |   |   |   |    |    |   |
|   phv136  |    -    |                                          |       |  |   |   |   |   |   |   |   |   |   |   |   |    |    |   |
|   phv137  |    -    |                                          |       |  |   |   |   |   |   |   |   |   |   |   |   |    |    |   |
|   phv138  |    -    |                                          |       |  |   |   |   |   |   |   |   |   |   |   |   |    |    |   |
|   phv139  |    -    |                                          |       |  |   |   |   |   |   |   |   |   |   |   |   |    |    |   |
|   phv140  |    -    |                                          |       |  |   |   |   |   |   |   |   |   |   |   |   |    |    |   |
|   phv141  |    -    |                                          |       |  |   |   |   |   |   |   |   |   |   |   |   |    |    |   |
|   phv142  |    -    |                                          |       |  |   |   |   |   |   |   |   |   |   |   |   |    |    |   |
|   phv143  |    -    |                                          |       |  |   |   |   |   |   |   |   |   |   |   |   |    |    |   |
|   phv144  |    -    |                                          |       |  |   |   |   |   |   |   |   |   |   |   |   |    |    |   |
|   phv145  |    -    |                                          |       |  |   |   |   |   |   |   |   |   |   |   |   |    |    |   |
|   phv146  |    -    |                                          |       |  |   |   |   |   |   |   |   |   |   |   |   |    |    |   |
|   phv147  |    -    |                                          |       |  |   |   |   |   |   |   |   |   |   |   |   |    |    |   |
|   phv148  |    -    |                                          |       |  |   |   |   |   |   |   |   |   |   |   |   |    |    |   |
|   phv149  |    -    |                                          |       |  |   |   |   |   |   |   |   |   |   |   |   |    |    |   |
|   phv150  |    -    |                                          |       |  |   |   |   |   |   |   |   |   |   |   |   |    |    |   |
|   phv151  |    -    |                                          |       |  |   |   |   |   |   |   |   |   |   |   |   |    |    |   |
|   phv152  |    -    |                                          |       |  |   |   |   |   |   |   |   |   |   |   |   |    |    |   |
|   phv153  |    -    |                                          |       |  |   |   |   |   |   |   |   |   |   |   |   |    |    |   |
|   phv154  |    -    |                                          |       |  |   |   |   |   |   |   |   |   |   |   |   |    |    |   |
|   phv155  |    -    |                                          |       |  |   |   |   |   |   |   |   |   |   |   |   |    |    |   |
|   phv156  |    -    |                                          |       |  |   |   |   |   |   |   |   |   |   |   |   |    |    |   |
|   phv157  |    -    |                                          |       |  |   |   |   |   |   |   |   |   |   |   |   |    |    |   |
|   phv158  |    -    |                                          |       |  |   |   |   |   |   |   |   |   |   |   |   |    |    |   |
|   phv159  |    -    |                                          |       |  |   |   |   |   |   |   |   |   |   |   |   |    |    |   |
|   phv160  |    -    |                                          |       |  |   |   |   |   |   |   |   |   |   |   |   |    |    |   |
|   phv161  |    -    |                                          |       |  |   |   |   |   |   |   |   |   |   |   |   |    |    |   |
|   phv162  |    -    |                                          |       |  |   |   |   |   |   |   |   |   |   |   |   |    |    |   |
|   phv163  |    -    |                                          |       |  |   |   |   |   |   |   |   |   |   |   |   |    |    |   |
|   phv164  |    -    |                                          |       |  |   |   |   |   |   |   |   |   |   |   |   |    |    |   |
|   phv165  |    -    |                                          |       |  |   |   |   |   |   |   |   |   |   |   |   |    |    |   |
|   phv166  |    -    |                                          |       |  |   |   |   |   |   |   |   |   |   |   |   |    |    |   |
|   phv167  |    -    |                                          |       |  |   |   |   |   |   |   |   |   |   |   |   |    |    |   |
|   phv168  |    -    |                                          |       |  |   |   |   |   |   |   |   |   |   |   |   |    |    |   |
|   phv169  |    -    |                                          |       |  |   |   |   |   |   |   |   |   |   |   |   |    |    |   |
|   phv170  |    -    |                                          |       |  |   |   |   |   |   |   |   |   |   |   |   |    |    |   |
|   phv171  |    -    |                                          |       |  |   |   |   |   |   |   |   |   |   |   |   |    |    |   |
|   phv172  |    -    |                                          |       |  |   |   |   |   |   |   |   |   |   |   |   |    |    |   |
|   phv173  |    -    |                                          |       |  |   |   |   |   |   |   |   |   |   |   |   |    |    |   |
|   phv174  |    -    |                                          |       |  |   |   |   |   |   |   |   |   |   |   |   |    |    |   |
|   phv175  |    -    |                                          |       |  |   |   |   |   |   |   |   |   |   |   |   |    |    |   |
|   phv176  |    -    |                                          |       |  |   |   |   |   |   |   |   |   |   |   |   |    |    |   |
|   phv177  |    -    |                                          |       |  |   |   |   |   |   |   |   |   |   |   |   |    |    |   |
|   phv178  |    -    |                                          |       |  |   |   |   |   |   |   |   |   |   |   |   |    |    |   |
|   phv179  |    -    |                                          |       |  |   |   |   |   |   |   |   |   |   |   |   |    |    |   |
|   phv180  |    -    |                                          |       |  |   |   |   |   |   |   |   |   |   |   |   |    |    |   |
|   phv181  |    -    |                                          |       |  |   |   |   |   |   |   |   |   |   |   |   |    |    |   |
|   phv182  |    -    |                                          |       |  |   |   |   |   |   |   |   |   |   |   |   |    |    |   |
|   phv183  |    -    |                                          |       |  |   |   |   |   |   |   |   |   |   |   |   |    |    |   |
|   phv184  |    -    |                                          |       |  |   |   |   |   |   |   |   |   |   |   |   |    |    |   |
|   phv185  |    -    |                                          |       |  |   |   |   |   |   |   |   |   |   |   |   |    |    |   |
|   phv186  |    -    |                                          |       |  |   |   |   |   |   |   |   |   |   |   |   |    |    |   |
|   phv187  |    -    |                                          |       |  |   |   |   |   |   |   |   |   |   |   |   |    |    |   |
|   phv188  |    -    |                                          |       |  |   |   |   |   |   |   |   |   |   |   |   |    |    |   |
|   phv189  |    -    |                                          |       |  |   |   |   |   |   |   |   |   |   |   |   |    |    |   |
|   phv190  |    -    |                                          |       |  |   |   |   |   |   |   |   |   |   |   |   |    |    |   |
|   phv191  |    -    |                                          |       |  |   |   |   |   |   |   |   |   |   |   |   |    |    |   |
|   phv192  |    -    |                                          |       |  |   |   |   |   |   |   |   |   |   |   |   |    |    |   |
|   phv193  |    -    |                                          |       |  |   |   |   |   |   |   |   |   |   |   |   |    |    |   |
|   phv194  |    -    |                                          |       |  |   |   |   |   |   |   |   |   |   |   |   |    |    |   |
|   phv195  |    -    |                                          |       |  |   |   |   |   |   |   |   |   |   |   |   |    |    |   |
|   phv196  |    -    |                                          |       |  |   |   |   |   |   |   |   |   |   |   |   |    |    |   |
|   phv197  |    -    |                                          |       |  |   |   |   |   |   |   |   |   |   |   |   |    |    |   |
|   phv198  |    -    |                                          |       |  |   |   |   |   |   |   |   |   |   |   |   |    |    |   |
|   phv199  |    -    |                                          |       |  |   |   |   |   |   |   |   |   |   |   |   |    |    |   |
|   phv200  |    -    |                                          |       |  |   |   |   |   |   |   |   |   |   |   |   |    |    |   |
|   phv201  |    -    |                                          |       |  |   |   |   |   |   |   |   |   |   |   |   |    |    |   |
|   phv202  |    -    |                                          |       |  |   |   |   |   |   |   |   |   |   |   |   |    |    |   |
|   phv203  |    -    |                                          |       |  |   |   |   |   |   |   |   |   |   |   |   |    |    |   |
|   phv204  |    -    |                                          |       |  |   |   |   |   |   |   |   |   |   |   |   |    |    |   |
|   phv205  |    -    |                                          |       |  |   |   |   |   |   |   |   |   |   |   |   |    |    |   |
|   phv206  |    -    |                                          |       |  |   |   |   |   |   |   |   |   |   |   |   |    |    |   |
|   phv207  |    -    |                                          |       |  |   |   |   |   |   |   |   |   |   |   |   |    |    |   |
|   phv208  |    -    |                                          |       |  |   |   |   |   |   |   |   |   |   |   |   |    |    |   |
|   phv209  |    -    |                                          |       |  |   |   |   |   |   |   |   |   |   |   |   |    |    |   |
|   phv210  |    -    |                                          |       |  |   |   |   |   |   |   |   |   |   |   |   |    |    |   |
|   phv211  |    -    |                                          |       |  |   |   |   |   |   |   |   |   |   |   |   |    |    |   |
|   phv212  |    -    |                                          |       |  |   |   |   |   |   |   |   |   |   |   |   |    |    |   |
|   phv213  |    -    |                                          |       |  |   |   |   |   |   |   |   |   |   |   |   |    |    |   |
|   phv214  |    -    |                                          |       |  |   |   |   |   |   |   |   |   |   |   |   |    |    |   |
|   phv215  |    -    |                                          |       |  |   |   |   |   |   |   |   |   |   |   |   |    |    |   |
|   phv216  |    -    |                                          |       |  |   |   |   |   |   |   |   |   |   |   |   |    |    |   |
|   phv217  |    -    |                                          |       |  |   |   |   |   |   |   |   |   |   |   |   |    |    |   |
|   phv218  |    -    |                                          |       |  |   |   |   |   |   |   |   |   |   |   |   |    |    |   |
|   phv219  |    -    |                                          |       |  |   |   |   |   |   |   |   |   |   |   |   |    |    |   |
|   phv220  |    -    |                                          |       |  |   |   |   |   |   |   |   |   |   |   |   |    |    |   |
|   phv221  |    -    |                                          |       |  |   |   |   |   |   |   |   |   |   |   |   |    |    |   |
|   phv222  |    -    |                                          |       |  |   |   |   |   |   |   |   |   |   |   |   |    |    |   |
|   phv223  |    -    |                                          |       |  |   |   |   |   |   |   |   |   |   |   |   |    |    |   |
|   phv224  |    -    |                                          |       |  |   |   |   |   |   |   |   |   |   |   |   |    |    |   |
|   phv225  |    -    |                                          |       |  |   |   |   |   |   |   |   |   |   |   |   |    |    |   |
|   phv226  |    -    |                                          |       |  |   |   |   |   |   |   |   |   |   |   |   |    |    |   |
|   phv227  |    -    |                                          |       |  |   |   |   |   |   |   |   |   |   |   |   |    |    |   |
|   phv228  |    -    |                                          |       |  |   |   |   |   |   |   |   |   |   |   |   |    |    |   |
|   phv229  |    -    |                                          |       |  |   |   |   |   |   |   |   |   |   |   |   |    |    |   |
|   phv230  |    -    |                                          |       |  |   |   |   |   |   |   |   |   |   |   |   |    |    |   |
|   phv231  |    -    |                                          |       |  |   |   |   |   |   |   |   |   |   |   |   |    |    |   |
|   phv232  |    -    |                                          |       |  |   |   |   |   |   |   |   |   |   |   |   |    |    |   |
|   phv233  |    -    |                                          |       |  |   |   |   |   |   |   |   |   |   |   |   |    |    |   |
|   phv234  |    -    |                                          |       |  |   |   |   |   |   |   |   |   |   |   |   |    |    |   |
|   phv235  |    -    |                                          |       |  |   |   |   |   |   |   |   |   |   |   |   |    |    |   |
|   phv236  |    -    |                                          |       |  |   |   |   |   |   |   |   |   |   |   |   |    |    |   |
|   phv237  |    -    |                                          |       |  |   |   |   |   |   |   |   |   |   |   |   |    |    |   |
|   phv238  |    -    |                                          |       |  |   |   |   |   |   |   |   |   |   |   |   |    |    |   |
|   phv239  |    -    |                                          |       |  |   |   |   |   |   |   |   |   |   |   |   |    |    |   |
|   phv240  |    -    |                                          |       |  |   |   |   |   |   |   |   |   |   |   |   |    |    |   |
|   phv241  |    -    |                                          |       |  |   |   |   |   |   |   |   |   |   |   |   |    |    |   |
|   phv242  |    -    |                                          |       |  |   |   |   |   |   |   |   |   |   |   |   |    |    |   |
|   phv243  |    -    |                                          |       |  |   |   |   |   |   |   |   |   |   |   |   |    |    |   |
|   phv244  |    -    |                                          |       |  |   |   |   |   |   |   |   |   |   |   |   |    |    |   |
|   phv245  |    -    |                                          |       |  |   |   |   |   |   |   |   |   |   |   |   |    |    |   |
|   phv246  |    -    |                                          |       |  |   |   |   |   |   |   |   |   |   |   |   |    |    |   |
|   phv247  |    -    |                                          |       |  |   |   |   |   |   |   |   |   |   |   |   |    |    |   |
|   phv248  |    -    |                                          |       |  |   |   |   |   |   |   |   |   |   |   |   |    |    |   |
|   phv249  |    -    |                                          |       |  |   |   |   |   |   |   |   |   |   |   |   |    |    |   |
|   phv250  |    -    |                                          |       |  |   |   |   |   |   |   |   |   |   |   |   |    |    |   |
|   phv251  |    -    |                                          |       |  |   |   |   |   |   |   |   |   |   |   |   |    |    |   |
|   phv252  |    -    |                                          |       |  |   |   |   |   |   |   |   |   |   |   |   |    |    |   |
|   phv253  |    -    |                                          |       |  |   |   |   |   |   |   |   |   |   |   |   |    |    |   |
|   phv254  |    -    |                                          |       |  |   |   |   |   |   |   |   |   |   |   |   |    |    |   |
|   phv255  |    -    |                                          |       |  |   |   |   |   |   |   |   |   |   |   |   |    |    |   |
|           |         |                                          |       |  |   |   |   |   |   |   |   |   |   |   |   |    |    |   |
|   phv256  | ingress |                                          | OL,SH |  |   |   |   |   |   |   |   |   |   |   |   |    |    |   |
|   [31:28] | ingress |          hdr.ipv4.version[3:0]           |  pkt  |  | W | ~ | ~ | ~ | ~ | ~ | ~ | ~ | ~ | ~ | ~ | ~  | ~  | R |
|   [31:24] | ingress |         hdr.arp.hw_addr_len[7:0]         |  pkt  |  | W | ~ | ~ | ~ | ~ | ~ | ~ | ~ | ~ | ~ | ~ | ~  | ~  | R |
|   [27:24] | ingress |            hdr.ipv4.ihl[3:0]             |  pkt  |  | W | ~ | ~ | ~ | ~ | ~ | ~ | ~ | ~ | ~ | ~ | ~  | ~  | R |
|   [23:16] | ingress |          hdr.ipv4.diffserv[7:0]          |  pkt  |  | W | ~ | ~ | ~ | ~ | ~ | ~ | ~ | ~ | ~ | ~ | ~  | ~  | R |
|   [23:16] | ingress |       hdr.arp.proto_addr_len[7:0]        |  pkt  |  | W | ~ | ~ | ~ | ~ | ~ | ~ | ~ | ~ | ~ | ~ | ~  | ~  | R |
|   [15:0]  | ingress |         hdr.ipv4.total_len[15:0]         |  pkt  |  | W | ~ | ~ | ~ | ~ | ~ | ~ | ~ | ~ | ~ | ~ | ~  | ~  | R |
|   [15:0]  | ingress |           hdr.arp.opcode[15:0]           |  pkt  |  | W | ~ | ~ | ~ | ~ | ~ | ~ | ~ | ~ | ~ | ~ | ~  | ~  | R |
|   phv257  | ingress |                                          | OL,SH |  |   |   |   |   |   |   |   |   |   |   |   |    |    |   |
|   [31:28] | ingress |         hdr.tcp.data_offset[3:0]         |  pkt  |  | W | ~ | ~ | ~ | ~ | ~ | ~ | ~ | ~ | ~ | ~ | ~  | ~  | R |
|   [31:24] | ingress |           hdr.icmp.type_[7:0]            |  pkt  |  | W | ~ | ~ | ~ | ~ | ~ | ~ | ~ | ~ | ~ | ~ | ~  | ~  | R |
|   [31:16] | ingress |          hdr.udp.src_port[15:0]          |  pkt  |  | W | ~ | ~ | ~ | ~ | ~ | ~ | ~ | ~ | ~ | ~ | ~  | ~  | R |
|   [31:16] | ingress |          hdr.arp.hw_type[15:0]           |  pkt  |  | W | ~ | ~ | ~ | ~ | ~ | ~ | ~ | ~ | ~ | ~ | ~  | ~  | R |
|   [27:24] | ingress |             hdr.tcp.res[3:0]             |  pkt  |  | W | ~ | ~ | ~ | ~ | ~ | ~ | ~ | ~ | ~ | ~ | ~  | ~  | R |
|   [23:16] | ingress |            hdr.tcp.flags[7:0]            |  pkt  |  | W | ~ | ~ | ~ | ~ | ~ | ~ | ~ | ~ | ~ | ~ | ~  | ~  | R |
|   [23:16] | ingress |            hdr.icmp.code[7:0]            |  pkt  |  | W | ~ | ~ | ~ | ~ | ~ | ~ | ~ | ~ | ~ | ~ | ~  | ~  | R |
|   [15:0]  | ingress |           hdr.tcp.window[15:0]           |  pkt  |  | W | ~ | ~ | ~ | ~ | ~ | ~ | ~ | ~ | ~ | ~ | ~  | ~  | R |
|   [15:0]  | ingress |          hdr.udp.dst_port[15:0]          |  pkt  |  | W | ~ | ~ | ~ | ~ | ~ | ~ | ~ | ~ | ~ | ~ | ~  | ~  | R |
|   [15:0]  | ingress |       hdr.icmp.hdr_checksum[15:0]        |  pkt  |  | W | ~ | ~ | ~ | ~ | ~ | ~ | ~ | ~ | ~ | ~ | ~  | ~  | R |
|   [15:0]  | ingress |         hdr.arp.proto_type[15:0]         |  pkt  |  | W | ~ | ~ | ~ | ~ | ~ | ~ | ~ | ~ | ~ | ~ | ~  | ~  | R |
|   phv258  | ingress |                                          |   SH  |  |   |   |   |   |   |   |   |   |   |   |   |    |    |   |
|   [31:29] | ingress |          hdr.vlan_tag.pcp[2:0]           |  pkt  |  | W | ~ | ~ | ~ | ~ | ~ | ~ | ~ | ~ | ~ | ~ | ~  | ~  | R |
|   [28:28] | ingress |          hdr.vlan_tag.cfi[0:0]           |  pkt  |  | W | ~ | ~ | ~ | ~ | ~ | ~ | ~ | ~ | ~ | ~ | ~  | ~  | R |
|   [27:16] | ingress |          hdr.vlan_tag.vid[11:0]          |  pkt  |  | W | ~ | ~ | ~ | ~ | ~ | ~ | ~ | ~ | ~ | ~ | ~  | ~  | R |
|   [15:0]  | ingress |      hdr.vlan_tag.ether_type[15:0]       |  pkt  |  | W | ~ | ~ | ~ | ~ | ~ | ~ | ~ | ~ | ~ | ~ | ~  | ~  | R |
|   phv259  | ingress |                                          |   SH  |  |   |   |   |   |   |   |   |   |   |   |   |    |    |   |
|   [31:24] | ingress |            hdr.ipv4.ttl[7:0]             |  pkt  |  | W | ~ | ~ | ~ | ~ | ~ | ~ | ~ | ~ | ~ | ~ | ~  | ~  | R |
|   [23:16] | ingress |          hdr.ipv4.protocol[7:0]          |  pkt  |  | W | ~ | ~ | ~ | ~ | ~ | ~ | ~ | ~ | ~ | ~ | ~  | ~  | R |
|   [15:0]  | ingress |       hdr.ipv4.hdr_checksum[15:0]        |  pkt  |  | W | ~ | ~ | ~ | ~ | ~ | ~ | ~ | ~ | ~ | ~ | ~  | ~  | R |
|   phv260  | ingress |                                          |       |  |   |   |   |   |   |   |   |   |   |   |   |    |    |   |
|   [31:0]  | ingress |       hdr.ethernet.dst_addr[31:0]        |  pkt  |  | W | ~ | ~ | ~ | ~ | ~ | ~ | ~ | ~ | ~ | ~ | ~  | ~  | R |
|   phv261  | ingress |                                          |       |  |   |   |   |   |   |   |   |   |   |   |   |    |    |   |
|   [31:0]  | ingress |           hdr.tcp.ack_no[31:0]           |  pkt  |  | W | ~ | ~ | ~ | ~ | ~ | ~ | ~ | ~ | ~ | ~ | ~  | ~  | R |
|   phv262  |    -    |                                          |       |  |   |   |   |   |   |   |   |   |   |   |   |    |    |   |
|   phv263  |    -    |                                          |       |  |   |   |   |   |   |   |   |   |   |   |   |    |    |   |
|   phv264  |    -    |                                          |       |  |   |   |   |   |   |   |   |   |   |   |   |    |    |   |
|   phv265  |    -    |                                          |       |  |   |   |   |   |   |   |   |   |   |   |   |    |    |   |
|   phv266  |    -    |                                          |       |  |   |   |   |   |   |   |   |   |   |   |   |    |    |   |
|   phv267  |    -    |                                          |       |  |   |   |   |   |   |   |   |   |   |   |   |    |    |   |
|   phv268  |    -    |                                          |       |  |   |   |   |   |   |   |   |   |   |   |   |    |    |   |
|   phv269  |    -    |                                          |       |  |   |   |   |   |   |   |   |   |   |   |   |    |    |   |
|   phv270  |    -    |                                          |       |  |   |   |   |   |   |   |   |   |   |   |   |    |    |   |
|   phv271  |    -    |                                          |       |  |   |   |   |   |   |   |   |   |   |   |   |    |    |   |
|   phv272  |    -    |                                          |       |  |   |   |   |   |   |   |   |   |   |   |   |    |    |   |
|   phv273  |    -    |                                          |       |  |   |   |   |   |   |   |   |   |   |   |   |    |    |   |
|   phv274  |    -    |                                          |       |  |   |   |   |   |   |   |   |   |   |   |   |    |    |   |
|   phv275  |    -    |                                          |       |  |   |   |   |   |   |   |   |   |   |   |   |    |    |   |
|   phv276  |    -    |                                          |       |  |   |   |   |   |   |   |   |   |   |   |   |    |    |   |
|   phv277  |    -    |                                          |       |  |   |   |   |   |   |   |   |   |   |   |   |    |    |   |
|   phv278  |    -    |                                          |       |  |   |   |   |   |   |   |   |   |   |   |   |    |    |   |
|   phv279  |    -    |                                          |       |  |   |   |   |   |   |   |   |   |   |   |   |    |    |   |
|   phv280  |    -    |                                          |       |  |   |   |   |   |   |   |   |   |   |   |   |    |    |   |
|   phv281  |    -    |                                          |       |  |   |   |   |   |   |   |   |   |   |   |   |    |    |   |
|   phv282  |    -    |                                          |       |  |   |   |   |   |   |   |   |   |   |   |   |    |    |   |
|   phv283  |    -    |                                          |       |  |   |   |   |   |   |   |   |   |   |   |   |    |    |   |
|   phv284  |    -    |                                          |       |  |   |   |   |   |   |   |   |   |   |   |   |    |    |   |
|   phv285  |    -    |                                          |       |  |   |   |   |   |   |   |   |   |   |   |   |    |    |   |
|   phv286  |    -    |                                          |       |  |   |   |   |   |   |   |   |   |   |   |   |    |    |   |
|   phv287  |    -    |                                          |       |  |   |   |   |   |   |   |   |   |   |   |   |    |    |   |
|           |         |                                          |       |  |   |   |   |   |   |   |   |   |   |   |   |    |    |   |
|   phv288  | ingress |                                          |       |  |   |   |   |   |   |   |   |   |   |   |   |    |    |   |
|    [7:0]  | ingress |       hdr.ethernet.src_addr[23:16]       |  pkt  |  | W | ~ | ~ | ~ | ~ | ~ | ~ | ~ | ~ | ~ | ~ | ~  | ~  | R |
|   phv289  | ingress |                                          |       |  |   |   |   |   |   |   |   |   |   |   |   |    |    |   |
|    [7:0]  | ingress |       hdr.ethernet.src_addr[31:24]       |  pkt  |  | W | ~ | ~ | ~ | ~ | ~ | ~ | ~ | ~ | ~ | ~ | ~  | ~  | R |
|   phv290  |    -    |                                          |       |  |   |   |   |   |   |   |   |   |   |   |   |    |    |   |
|   phv291  |    -    |                                          |       |  |   |   |   |   |   |   |   |   |   |   |   |    |    |   |
|   phv292  |    -    |                                          |       |  |   |   |   |   |   |   |   |   |   |   |   |    |    |   |
|   phv293  |    -    |                                          |       |  |   |   |   |   |   |   |   |   |   |   |   |    |    |   |
|   phv294  |    -    |                                          |       |  |   |   |   |   |   |   |   |   |   |   |   |    |    |   |
|   phv295  |    -    |                                          |       |  |   |   |   |   |   |   |   |   |   |   |   |    |    |   |
|   phv296  |    -    |                                          |       |  |   |   |   |   |   |   |   |   |   |   |   |    |    |   |
|   phv297  |    -    |                                          |       |  |   |   |   |   |   |   |   |   |   |   |   |    |    |   |
|   phv298  |    -    |                                          |       |  |   |   |   |   |   |   |   |   |   |   |   |    |    |   |
|   phv299  |    -    |                                          |       |  |   |   |   |   |   |   |   |   |   |   |   |    |    |   |
|   phv300  |    -    |                                          |       |  |   |   |   |   |   |   |   |   |   |   |   |    |    |   |
|   phv301  |    -    |                                          |       |  |   |   |   |   |   |   |   |   |   |   |   |    |    |   |
|   phv302  |    -    |                                          |       |  |   |   |   |   |   |   |   |   |   |   |   |    |    |   |
|   phv303  |    -    |                                          |       |  |   |   |   |   |   |   |   |   |   |   |   |    |    |   |
|   phv304  |    -    |                                          |       |  |   |   |   |   |   |   |   |   |   |   |   |    |    |   |
|   phv305  |    -    |                                          |       |  |   |   |   |   |   |   |   |   |   |   |   |    |    |   |
|   phv306  |    -    |                                          |       |  |   |   |   |   |   |   |   |   |   |   |   |    |    |   |
|   phv307  |    -    |                                          |       |  |   |   |   |   |   |   |   |   |   |   |   |    |    |   |
|   phv308  |    -    |                                          |       |  |   |   |   |   |   |   |   |   |   |   |   |    |    |   |
|   phv309  |    -    |                                          |       |  |   |   |   |   |   |   |   |   |   |   |   |    |    |   |
|   phv310  |    -    |                                          |       |  |   |   |   |   |   |   |   |   |   |   |   |    |    |   |
|   phv311  |    -    |                                          |       |  |   |   |   |   |   |   |   |   |   |   |   |    |    |   |
|   phv312  |    -    |                                          |       |  |   |   |   |   |   |   |   |   |   |   |   |    |    |   |
|   phv313  |    -    |                                          |       |  |   |   |   |   |   |   |   |   |   |   |   |    |    |   |
|   phv314  |    -    |                                          |       |  |   |   |   |   |   |   |   |   |   |   |   |    |    |   |
|   phv315  |    -    |                                          |       |  |   |   |   |   |   |   |   |   |   |   |   |    |    |   |
|   phv316  |    -    |                                          |       |  |   |   |   |   |   |   |   |   |   |   |   |    |    |   |
|   phv317  |    -    |                                          |       |  |   |   |   |   |   |   |   |   |   |   |   |    |    |   |
|   phv318  |    -    |                                          |       |  |   |   |   |   |   |   |   |   |   |   |   |    |    |   |
|   phv319  |    -    |                                          |       |  |   |   |   |   |   |   |   |   |   |   |   |    |    |   |
|           |         |                                          |       |  |   |   |   |   |   |   |   |   |   |   |   |    |    |   |
|   phv320  | ingress |                                          |   SH  |  |   |   |   |   |   |   |   |   |   |   |   |    |    |   |
|   [15:13] | ingress |           hdr.ipv4.flags[2:0]            |  pkt  |  | W | ~ | ~ | ~ | ~ | ~ | ~ | ~ | ~ | ~ | ~ | ~  | ~  | R |
|   [12:0]  | ingress |        hdr.ipv4.frag_offset[12:0]        |  pkt  |  | W | ~ | ~ | ~ | ~ | ~ | ~ | ~ | ~ | ~ | ~ | ~  | ~  | R |
|   phv321  | ingress |                                          |       |  |   |   |   |   |   |   |   |   |   |   |   |    |    |   |
|   [15:0]  | ingress |      hdr.ipv4.identification[15:0]       |  pkt  |  | W | ~ | ~ | ~ | ~ | ~ | ~ | ~ | ~ | ~ | ~ | ~  | ~  | R |
|   phv322  | ingress |                                          | OL,SH |  |   |   |   |   |   |   |   |   |   |   |   |    |    |   |
|   [15:0]  | ingress |         hdr.tcp.urgent_ptr[15:0]         |  pkt  |  | W | ~ | ~ | ~ | ~ | ~ | ~ | ~ | ~ | ~ | ~ | ~  | ~  | R |
|   [15:0]  | ingress |         hdr.udp.hdr_length[15:0]         |  pkt  |  | W | ~ | ~ | ~ | ~ | ~ | ~ | ~ | ~ | ~ | ~ | ~  | ~  | R |
|   phv323  | ingress |                                          |       |  |   |   |   |   |   |   |   |   |   |   |   |    |    |   |
|   [15:0]  | ingress |          hdr.tcp.dst_port[15:0]          |  pkt  |  | W | ~ | ~ | ~ | ~ | ~ | ~ | ~ | ~ | ~ | ~ | ~  | ~  | R |
|   phv324  | ingress |                                          |       |  |   |   |   |   |   |   |   |   |   |   |   |    |    |   |
|   [15:0]  | ingress |          hdr.tcp.src_port[15:0]          |  pkt  |  | W | ~ | ~ | ~ | ~ | ~ | ~ | ~ | ~ | ~ | ~ | ~  | ~  | R |
|   phv325  | ingress |                                          |       |  |   |   |   |   |   |   |   |   |   |   |   |    |    |   |
|   [15:0]  | ingress |       hdr.ethernet.src_addr[15:0]        |  pkt  |  | W | ~ | ~ | ~ | ~ | ~ | ~ | ~ | ~ | ~ | ~ | ~  | ~  | R |
|   phv326  | ingress |                                          |       |  |   |   |   |   |   |   |   |   |   |   |   |    |    |   |
|   [15:0]  | ingress |      hdr.ethernet.ether_type[15:0]       |  pkt  |  | W | ~ | ~ | ~ | ~ | ~ | ~ | ~ | ~ | ~ | ~ | ~  | ~  | R |
|   phv327  | ingress |                                          |       |  |   |   |   |   |   |   |   |   |   |   |   |    |    |   |
|   [15:0]  | ingress |       hdr.ethernet.src_addr[47:32]       |  pkt  |  | W | ~ | ~ | ~ | ~ | ~ | ~ | ~ | ~ | ~ | ~ | ~  | ~  | R |
|   phv328  | ingress |                                          |       |  |   |   |   |   |   |   |   |   |   |   |   |    |    |   |
|   [15:0]  | ingress |       hdr.ethernet.dst_addr[47:32]       |  pkt  |  | W | ~ | ~ | ~ | ~ | ~ | ~ | ~ | ~ | ~ | ~ | ~  | ~  | R |
|   phv329  |    -    |                                          |       |  |   |   |   |   |   |   |   |   |   |   |   |    |    |   |
|   phv330  |    -    |                                          |       |  |   |   |   |   |   |   |   |   |   |   |   |    |    |   |
|   phv331  |    -    |                                          |       |  |   |   |   |   |   |   |   |   |   |   |   |    |    |   |
|   phv332  |    -    |                                          |       |  |   |   |   |   |   |   |   |   |   |   |   |    |    |   |
|   phv333  |    -    |                                          |       |  |   |   |   |   |   |   |   |   |   |   |   |    |    |   |
|   phv334  |    -    |                                          |       |  |   |   |   |   |   |   |   |   |   |   |   |    |    |   |
|   phv335  |    -    |                                          |       |  |   |   |   |   |   |   |   |   |   |   |   |    |    |   |
|   phv336  |    -    |                                          |       |  |   |   |   |   |   |   |   |   |   |   |   |    |    |   |
|   phv337  |    -    |                                          |       |  |   |   |   |   |   |   |   |   |   |   |   |    |    |   |
|   phv338  |    -    |                                          |       |  |   |   |   |   |   |   |   |   |   |   |   |    |    |   |
|   phv339  |    -    |                                          |       |  |   |   |   |   |   |   |   |   |   |   |   |    |    |   |
|   phv340  |    -    |                                          |       |  |   |   |   |   |   |   |   |   |   |   |   |    |    |   |
|   phv341  |    -    |                                          |       |  |   |   |   |   |   |   |   |   |   |   |   |    |    |   |
|   phv342  |    -    |                                          |       |  |   |   |   |   |   |   |   |   |   |   |   |    |    |   |
|   phv343  |    -    |                                          |       |  |   |   |   |   |   |   |   |   |   |   |   |    |    |   |
|   phv344  |    -    |                                          |       |  |   |   |   |   |   |   |   |   |   |   |   |    |    |   |
|   phv345  |    -    |                                          |       |  |   |   |   |   |   |   |   |   |   |   |   |    |    |   |
|   phv346  |    -    |                                          |       |  |   |   |   |   |   |   |   |   |   |   |   |    |    |   |
|   phv347  |    -    |                                          |       |  |   |   |   |   |   |   |   |   |   |   |   |    |    |   |
|   phv348  |    -    |                                          |       |  |   |   |   |   |   |   |   |   |   |   |   |    |    |   |
|   phv349  |    -    |                                          |       |  |   |   |   |   |   |   |   |   |   |   |   |    |    |   |
|   phv350  |    -    |                                          |       |  |   |   |   |   |   |   |   |   |   |   |   |    |    |   |
|   phv351  |    -    |                                          |       |  |   |   |   |   |   |   |   |   |   |   |   |    |    |   |
|   phv352  |    -    |                                          |       |  |   |   |   |   |   |   |   |   |   |   |   |    |    |   |
|   phv353  |    -    |                                          |       |  |   |   |   |   |   |   |   |   |   |   |   |    |    |   |
|   phv354  |    -    |                                          |       |  |   |   |   |   |   |   |   |   |   |   |   |    |    |   |
|   phv355  |    -    |                                          |       |  |   |   |   |   |   |   |   |   |   |   |   |    |    |   |
|   phv356  |    -    |                                          |       |  |   |   |   |   |   |   |   |   |   |   |   |    |    |   |
|   phv357  |    -    |                                          |       |  |   |   |   |   |   |   |   |   |   |   |   |    |    |   |
|   phv358  |    -    |                                          |       |  |   |   |   |   |   |   |   |   |   |   |   |    |    |   |
|   phv359  |    -    |                                          |       |  |   |   |   |   |   |   |   |   |   |   |   |    |    |   |
|   phv360  |    -    |                                          |       |  |   |   |   |   |   |   |   |   |   |   |   |    |    |   |
|   phv361  |    -    |                                          |       |  |   |   |   |   |   |   |   |   |   |   |   |    |    |   |
|   phv362  |    -    |                                          |       |  |   |   |   |   |   |   |   |   |   |   |   |    |    |   |
|   phv363  |    -    |                                          |       |  |   |   |   |   |   |   |   |   |   |   |   |    |    |   |
|   phv364  |    -    |                                          |       |  |   |   |   |   |   |   |   |   |   |   |   |    |    |   |
|   phv365  |    -    |                                          |       |  |   |   |   |   |   |   |   |   |   |   |   |    |    |   |
|   phv366  |    -    |                                          |       |  |   |   |   |   |   |   |   |   |   |   |   |    |    |   |
|   phv367  |    -    |                                          |       |  |   |   |   |   |   |   |   |   |   |   |   |    |    |   |
----------------------------------------------------------------------------------------------------------------------------------------


Containers used: 39
Containers with data overlayed: 5  (12.82%)
Containers shared: 19  (48.72%)

------------------------
  Legend:
------------------------
   P:     Parsed
   D:     Deparsed
   OL:    Overlay
   SH:    Shared
   pkt:   Packet data
   meta:  Metadata
   imeta: Intrinsic Metadata
   pov:   Packet Occupancy Vector bit
   R:     Read
   W:     Write
   ~:     Field is live


---------------------------------------------------------------------------------------------------------------------------------------
| Direction | Location | Fields Live | Bits Live | Header Fields Live | Header Bits Live | Metadata Fields Live | Metadata Bits Live |
---------------------------------------------------------------------------------------------------------------------------------------
|  ingress  |  Parser  | 57 (90.48%) |    770    |    42 (100.00%)    |       656        |     15 (71.43%)      |        114         |
|  ingress  | Stage 0  | 54 (85.71%) |    737    |    42 (100.00%)    |       656        |     12 (57.14%)      |         81         |
|  ingress  | Stage 1  | 56 (88.89%) |    746    |    42 (100.00%)    |       656        |     14 (66.67%)      |         90         |
|  ingress  | Stage 2  | 54 (85.71%) |    713    |    42 (100.00%)    |       656        |     12 (57.14%)      |         57         |
|  ingress  | Stage 3  | 54 (85.71%) |    705    |    42 (100.00%)    |       656        |     12 (57.14%)      |         49         |
|  ingress  | Stage 4  | 54 (85.71%) |    707    |    42 (100.00%)    |       656        |     12 (57.14%)      |         51         |
|  ingress  | Stage 5  | 54 (85.71%) |    708    |    42 (100.00%)    |       656        |     12 (57.14%)      |         52         |
|  ingress  | Stage 6  | 51 (80.95%) |    673    |    42 (100.00%)    |       656        |      9 (42.86%)      |         17         |
|  ingress  | Stage 7  | 51 (80.95%) |    673    |    42 (100.00%)    |       656        |      9 (42.86%)      |         17         |
|  ingress  | Stage 8  | 51 (80.95%) |    673    |    42 (100.00%)    |       656        |      9 (42.86%)      |         17         |
|  ingress  | Stage 9  | 51 (80.95%) |    673    |    42 (100.00%)    |       656        |      9 (42.86%)      |         17         |
|  ingress  | Stage 10 | 51 (80.95%) |    673    |    42 (100.00%)    |       656        |      9 (42.86%)      |         17         |
|  ingress  | Stage 11 | 51 (80.95%) |    673    |    42 (100.00%)    |       656        |      9 (42.86%)      |         17         |
|  ingress  | Deparser | 51 (80.95%) |    673    |    42 (100.00%)    |       656        |      9 (42.86%)      |         17         |
|           |          |             |           |                    |                  |                      |                    |
|   egress  |  Parser  |  0 (0.00%)  |     0     |     0 (0.00%)      |        0         |      0 (0.00%)       |         0          |
|   egress  | Stage 0  |  0 (0.00%)  |     0     |     0 (0.00%)      |        0         |      0 (0.00%)       |         0          |
|   egress  | Stage 1  |  0 (0.00%)  |     0     |     0 (0.00%)      |        0         |      0 (0.00%)       |         0          |
|   egress  | Stage 2  |  0 (0.00%)  |     0     |     0 (0.00%)      |        0         |      0 (0.00%)       |         0          |
|   egress  | Stage 3  |  0 (0.00%)  |     0     |     0 (0.00%)      |        0         |      0 (0.00%)       |         0          |
|   egress  | Stage 4  |  0 (0.00%)  |     0     |     0 (0.00%)      |        0         |      0 (0.00%)       |         0          |
|   egress  | Stage 5  |  0 (0.00%)  |     0     |     0 (0.00%)      |        0         |      0 (0.00%)       |         0          |
|   egress  | Stage 6  |  0 (0.00%)  |     0     |     0 (0.00%)      |        0         |      0 (0.00%)       |         0          |
|   egress  | Stage 7  |  0 (0.00%)  |     0     |     0 (0.00%)      |        0         |      0 (0.00%)       |         0          |
|   egress  | Stage 8  |  0 (0.00%)  |     0     |     0 (0.00%)      |        0         |      0 (0.00%)       |         0          |
|   egress  | Stage 9  |  0 (0.00%)  |     0     |     0 (0.00%)      |        0         |      0 (0.00%)       |         0          |
|   egress  | Stage 10 |  0 (0.00%)  |     0     |     0 (0.00%)      |        0         |      0 (0.00%)       |         0          |
|   egress  | Stage 11 |  0 (0.00%)  |     0     |     0 (0.00%)      |        0         |      0 (0.00%)       |         0          |
|   egress  | Deparser |  0 (0.00%)  |     0     |     0 (0.00%)      |        0         |      0 (0.00%)       |         0          |
---------------------------------------------------------------------------------------------------------------------------------------




--------------------------------------------------------------------------------------------------------------------------------------------------------------------------------------------------------------------------------------------
| Direction | Container |    Parser    |   Stage 0    |   Stage 1    |   Stage 2    |   Stage 3    |   Stage 4    |   Stage 5    |   Stage 6    |   Stage 7    |   Stage 8    |   Stage 9    |   Stage 10   |   Stage 11   |   Deparser   |
--------------------------------------------------------------------------------------------------------------------------------------------------------------------------------------------------------------------------------------------
|  ingress  |    phv0   | 1 (32 bits)  | 1 (32 bits)  | 1 (32 bits)  | 1 (32 bits)  | 1 (32 bits)  | 1 (32 bits)  | 1 (32 bits)  | 1 (32 bits)  | 1 (32 bits)  | 1 (32 bits)  | 1 (32 bits)  | 1 (32 bits)  | 1 (32 bits)  | 1 (32 bits)  |
|  ingress  |    phv1   | 1 (32 bits)  | 1 (32 bits)  | 1 (32 bits)  | 1 (32 bits)  | 1 (32 bits)  | 1 (32 bits)  | 1 (32 bits)  | 1 (32 bits)  | 1 (32 bits)  | 1 (32 bits)  | 1 (32 bits)  | 1 (32 bits)  | 1 (32 bits)  | 1 (32 bits)  |
|  ingress  |    phv2   | 2 (32 bits)  | 2 (32 bits)  | 2 (32 bits)  | 2 (32 bits)  | 2 (32 bits)  | 2 (32 bits)  | 2 (32 bits)  | 2 (32 bits)  | 2 (32 bits)  | 2 (32 bits)  | 2 (32 bits)  | 2 (32 bits)  | 2 (32 bits)  | 2 (32 bits)  |
|  ingress  |    phv3   |      -       | 1 (16 bits)  | 3 (32 bits)  | 1 (16 bits)  | 1 (16 bits)  | 1 (16 bits)  | 1 (16 bits)  |      -       |      -       |      -       |      -       |      -       |      -       |      -       |
|  ingress  |    phv4   |      -       |      -       | 1 (10 bits)  |      -       | 1 (10 bits)  |      -       | 1 (10 bits)  |      -       |      -       |      -       |      -       |      -       |      -       |      -       |
|  ingress  |    phv5   |      -       |      -       | 1 (10 bits)  | 1 (10 bits)  |      -       | 1 (10 bits)  |      -       |      -       |      -       |      -       |      -       |      -       |      -       |      -       |
|  ingress  |    phv6   | 1 (16 bits)  |      -       |  1 (1 bits)  |  1 (5 bits)  |  1 (1 bits)  |  1 (3 bits)  |  1 (1 bits)  |      -       |      -       |      -       |      -       |      -       |      -       |      -       |
|  ingress  |    phv7   | 1 (19 bits)  |      -       |  1 (1 bits)  |  1 (3 bits)  |      -       |  1 (1 bits)  |  1 (5 bits)  |      -       |      -       |      -       |      -       |      -       |      -       |      -       |
|  ingress  |    phv8   | 1 (15 bits)  |      -       |  1 (2 bits)  |  1 (2 bits)  |  1 (2 bits)  |  1 (2 bits)  |  1 (3 bits)  |      -       |      -       |      -       |      -       |      -       |      -       |      -       |
|  ingress  |    phv9   | 1 (14 bits)  |      -       |  2 (5 bits)  |  1 (4 bits)  |  1 (3 bits)  |  1 (2 bits)  |      -       |      -       |      -       |      -       |      -       |      -       |      -       |      -       |
|  ingress  |   phv10   | 1 (13 bits)  | 1 (16 bits)  |      -       |      -       |      -       |      -       |      -       |      -       |      -       |      -       |      -       |      -       |      -       |      -       |
|           |           |              |              |              |              |              |              |              |              |              |              |              |              |              |              |
|  ingress  |   phv64   |  1 (3 bits)  |  1 (1 bits)  |  3 (4 bits)  |  1 (1 bits)  |  1 (1 bits)  |  1 (1 bits)  |  1 (1 bits)  |  1 (1 bits)  |  1 (1 bits)  |  1 (1 bits)  |  1 (1 bits)  |  1 (1 bits)  |  1 (1 bits)  |  1 (1 bits)  |
|  ingress  |   phv65   |  7 (7 bits)  |  7 (7 bits)  |  8 (8 bits)  |  7 (7 bits)  |  7 (7 bits)  |  7 (7 bits)  |  7 (7 bits)  |  7 (7 bits)  |  7 (7 bits)  |  7 (7 bits)  |  7 (7 bits)  |  7 (7 bits)  |  7 (7 bits)  |  7 (7 bits)  |
|  ingress  |   phv66   |      -       |  1 (8 bits)  |      -       |      -       |      -       |      -       |      -       |      -       |      -       |      -       |      -       |      -       |      -       |      -       |
|  ingress  |   phv67   |      -       |  1 (8 bits)  |      -       |      -       |      -       |      -       |      -       |      -       |      -       |      -       |      -       |      -       |      -       |      -       |
|  ingress  |   phv68   |  1 (8 bits)  |      -       |      -       |      -       |      -       |      -       |      -       |      -       |      -       |      -       |      -       |      -       |      -       |      -       |
|  ingress  |   phv69   |  1 (8 bits)  |      -       |      -       |      -       |      -       |      -       |      -       |      -       |      -       |      -       |      -       |      -       |      -       |      -       |
|  ingress  |   phv70   |      -       |      -       |  1 (8 bits)  |      -       |      -       |      -       |      -       |      -       |      -       |      -       |      -       |      -       |      -       |      -       |
|           |           |              |              |              |              |              |              |              |              |              |              |              |              |              |              |
|  ingress  |   phv128  |      -       |  1 (9 bits)  |  1 (9 bits)  |  1 (9 bits)  |  1 (9 bits)  |  1 (9 bits)  |  1 (9 bits)  |  1 (9 bits)  |  1 (9 bits)  |  1 (9 bits)  |  1 (9 bits)  |  1 (9 bits)  |  1 (9 bits)  |  1 (9 bits)  |
|  ingress  |   phv129  | 2 (16 bits)  | 2 (16 bits)  | 2 (16 bits)  | 2 (16 bits)  | 2 (16 bits)  | 2 (16 bits)  | 2 (16 bits)  | 2 (16 bits)  | 2 (16 bits)  | 2 (16 bits)  | 2 (16 bits)  | 2 (16 bits)  | 2 (16 bits)  | 2 (16 bits)  |
|  ingress  |   phv130  | 2 (11 bits)  |      -       |      -       |      -       |      -       |      -       |      -       |      -       |      -       |      -       |      -       |      -       |      -       |      -       |
|  ingress  |   phv131  |      -       | 1 (16 bits)  |      -       |      -       |      -       |      -       |      -       |      -       |      -       |      -       |      -       |      -       |      -       |      -       |
|           |           |              |              |              |              |              |              |              |              |              |              |              |              |              |              |
|  ingress  |   phv256  | 7 (32 bits)  | 7 (32 bits)  | 7 (32 bits)  | 7 (32 bits)  | 7 (32 bits)  | 7 (32 bits)  | 7 (32 bits)  | 7 (32 bits)  | 7 (32 bits)  | 7 (32 bits)  | 7 (32 bits)  | 7 (32 bits)  | 7 (32 bits)  | 7 (32 bits)  |
|  ingress  |   phv257  | 11 (32 bits) | 11 (32 bits) | 11 (32 bits) | 11 (32 bits) | 11 (32 bits) | 11 (32 bits) | 11 (32 bits) | 11 (32 bits) | 11 (32 bits) | 11 (32 bits) | 11 (32 bits) | 11 (32 bits) | 11 (32 bits) | 11 (32 bits) |
|  ingress  |   phv258  | 4 (32 bits)  | 4 (32 bits)  | 4 (32 bits)  | 4 (32 bits)  | 4 (32 bits)  | 4 (32 bits)  | 4 (32 bits)  | 4 (32 bits)  | 4 (32 bits)  | 4 (32 bits)  | 4 (32 bits)  | 4 (32 bits)  | 4 (32 bits)  | 4 (32 bits)  |
|  ingress  |   phv259  | 3 (32 bits)  | 3 (32 bits)  | 3 (32 bits)  | 3 (32 bits)  | 3 (32 bits)  | 3 (32 bits)  | 3 (32 bits)  | 3 (32 bits)  | 3 (32 bits)  | 3 (32 bits)  | 3 (32 bits)  | 3 (32 bits)  | 3 (32 bits)  | 3 (32 bits)  |
|  ingress  |   phv260  | 1 (32 bits)  | 1 (32 bits)  | 1 (32 bits)  | 1 (32 bits)  | 1 (32 bits)  | 1 (32 bits)  | 1 (32 bits)  | 1 (32 bits)  | 1 (32 bits)  | 1 (32 bits)  | 1 (32 bits)  | 1 (32 bits)  | 1 (32 bits)  | 1 (32 bits)  |
|  ingress  |   phv261  | 1 (32 bits)  | 1 (32 bits)  | 1 (32 bits)  | 1 (32 bits)  | 1 (32 bits)  | 1 (32 bits)  | 1 (32 bits)  | 1 (32 bits)  | 1 (32 bits)  | 1 (32 bits)  | 1 (32 bits)  | 1 (32 bits)  | 1 (32 bits)  | 1 (32 bits)  |
|           |           |              |              |              |              |              |              |              |              |              |              |              |              |              |              |
|  ingress  |   phv288  |  1 (8 bits)  |  1 (8 bits)  |  1 (8 bits)  |  1 (8 bits)  |  1 (8 bits)  |  1 (8 bits)  |  1 (8 bits)  |  1 (8 bits)  |  1 (8 bits)  |  1 (8 bits)  |  1 (8 bits)  |  1 (8 bits)  |  1 (8 bits)  |  1 (8 bits)  |
|  ingress  |   phv289  |  1 (8 bits)  |  1 (8 bits)  |  1 (8 bits)  |  1 (8 bits)  |  1 (8 bits)  |  1 (8 bits)  |  1 (8 bits)  |  1 (8 bits)  |  1 (8 bits)  |  1 (8 bits)  |  1 (8 bits)  |  1 (8 bits)  |  1 (8 bits)  |  1 (8 bits)  |
|           |           |              |              |              |              |              |              |              |              |              |              |              |              |              |              |
|  ingress  |   phv320  | 2 (16 bits)  | 2 (16 bits)  | 2 (16 bits)  | 2 (16 bits)  | 2 (16 bits)  | 2 (16 bits)  | 2 (16 bits)  | 2 (16 bits)  | 2 (16 bits)  | 2 (16 bits)  | 2 (16 bits)  | 2 (16 bits)  | 2 (16 bits)  | 2 (16 bits)  |
|  ingress  |   phv321  | 1 (16 bits)  | 1 (16 bits)  | 1 (16 bits)  | 1 (16 bits)  | 1 (16 bits)  | 1 (16 bits)  | 1 (16 bits)  | 1 (16 bits)  | 1 (16 bits)  | 1 (16 bits)  | 1 (16 bits)  | 1 (16 bits)  | 1 (16 bits)  | 1 (16 bits)  |
|  ingress  |   phv322  | 2 (16 bits)  | 2 (16 bits)  | 2 (16 bits)  | 2 (16 bits)  | 2 (16 bits)  | 2 (16 bits)  | 2 (16 bits)  | 2 (16 bits)  | 2 (16 bits)  | 2 (16 bits)  | 2 (16 bits)  | 2 (16 bits)  | 2 (16 bits)  | 2 (16 bits)  |
|  ingress  |   phv323  | 1 (16 bits)  | 1 (16 bits)  | 1 (16 bits)  | 1 (16 bits)  | 1 (16 bits)  | 1 (16 bits)  | 1 (16 bits)  | 1 (16 bits)  | 1 (16 bits)  | 1 (16 bits)  | 1 (16 bits)  | 1 (16 bits)  | 1 (16 bits)  | 1 (16 bits)  |
|  ingress  |   phv324  | 1 (16 bits)  | 1 (16 bits)  | 1 (16 bits)  | 1 (16 bits)  | 1 (16 bits)  | 1 (16 bits)  | 1 (16 bits)  | 1 (16 bits)  | 1 (16 bits)  | 1 (16 bits)  | 1 (16 bits)  | 1 (16 bits)  | 1 (16 bits)  | 1 (16 bits)  |
|  ingress  |   phv325  | 1 (16 bits)  | 1 (16 bits)  | 1 (16 bits)  | 1 (16 bits)  | 1 (16 bits)  | 1 (16 bits)  | 1 (16 bits)  | 1 (16 bits)  | 1 (16 bits)  | 1 (16 bits)  | 1 (16 bits)  | 1 (16 bits)  | 1 (16 bits)  | 1 (16 bits)  |
|  ingress  |   phv326  | 1 (16 bits)  | 1 (16 bits)  | 1 (16 bits)  | 1 (16 bits)  | 1 (16 bits)  | 1 (16 bits)  | 1 (16 bits)  | 1 (16 bits)  | 1 (16 bits)  | 1 (16 bits)  | 1 (16 bits)  | 1 (16 bits)  | 1 (16 bits)  | 1 (16 bits)  |
|  ingress  |   phv327  | 1 (16 bits)  | 1 (16 bits)  | 1 (16 bits)  | 1 (16 bits)  | 1 (16 bits)  | 1 (16 bits)  | 1 (16 bits)  | 1 (16 bits)  | 1 (16 bits)  | 1 (16 bits)  | 1 (16 bits)  | 1 (16 bits)  | 1 (16 bits)  | 1 (16 bits)  |
|  ingress  |   phv328  | 1 (16 bits)  | 1 (16 bits)  | 1 (16 bits)  | 1 (16 bits)  | 1 (16 bits)  | 1 (16 bits)  | 1 (16 bits)  | 1 (16 bits)  | 1 (16 bits)  | 1 (16 bits)  | 1 (16 bits)  | 1 (16 bits)  | 1 (16 bits)  | 1 (16 bits)  |
--------------------------------------------------------------------------------------------------------------------------------------------------------------------------------------------------------------------------------------------

