Parser Characterization Report:
Number of states on ingress: 9

Number of matches on ingress: 18

Longest path (6 states) on ingress:
    $entry_point
    start
    TofinoIngressParser_parse_port_metadata
    parse_vlan
    parse_ipv4
    parse_tcp

Shortest path (2 states) on ingress:
    $entry_point
    start

Timing is met for min-sized packet (73 B) running at 100 Gbps

Extractor usage:
+-----------------------------------------+------------+-------+--------+--------+------------------+-------+
|State                                    |Match       |8-bit  |16-bit  |32-bit  |Total Extractors  |Other  |
+-----------------------------------------+------------+-------+--------+--------+------------------+-------+
|$entry_point                             |*           |0      |0       |0       |0                 |       |
|start                                    |0b1*******  |0      |1       |0       |1                 |       |
|-                                        |0b0*******  |0      |1       |0       |1                 |       |
|TofinoIngressParser_parse_port_metadata  |0x0800      |3      |4       |1       |8                 |       |
|-                                        |0x0806      |3      |4       |1       |8                 |       |
|-                                        |0x8100      |3      |4       |1       |8                 |       |
|-                                        |0x****      |3      |4       |1       |8                 |       |
|parse_vlan                               |0x0800      |1      |0       |1       |2                 |       |
|-                                        |0x0806      |1      |0       |1       |2                 |       |
|-                                        |0x****      |1      |0       |1       |2                 |       |
|parse_arp                                |*           |1      |0       |2       |3                 |       |
|parse_ipv4                               |0x06        |1      |2       |4       |7                 |       |
|-                                        |0x11        |1      |2       |4       |7                 |       |
|-                                        |0x01        |1      |2       |4       |7                 |       |
|-                                        |0x**        |1      |2       |4       |7                 |       |
|parse_icmp                               |*           |1      |0       |1       |2                 |       |
|parse_udp                                |*           |1      |2       |2       |5                 |       |
|parse_tcp                                |*           |1      |4       |3       |8                 |       |
+-----------------------------------------+------------+-------+--------+--------+------------------+-------+
Number of states on egress: 1

Number of matches on egress: 1

Longest path (1 states) on egress:
    $entry_point.start

Shortest path (1 states) on egress:
    $entry_point.start

Timing is met for min-sized packet (73 B) running at 100 Gbps

Extractor usage:
+--------------------+-------+-------+--------+--------+------------------+-------+
|State               |Match  |8-bit  |16-bit  |32-bit  |Total Extractors  |Other  |
+--------------------+-------+-------+--------+--------+------------------+-------+
|$entry_point.start  |*      |0      |0       |0       |0                 |       |
+--------------------+-------+-------+--------+--------+------------------+-------+
